*** Using Compiler 'V5.06 update 7 (build 960)', folder: 'E:\ProgramFile\MDK\Code\ARM\ARMCC\Bin'
Build target 'ENGINEER'
compiling comm_task.c...
E:\ProgramFile\MDK\Code\ARM\ARMCC\Bin\..\include\math.h(370): error:  #20: identifier "reTURN" is undefined
      _ARMABI_INLINE double _sqrt(double __x) { reTURN sqrt(__x); }
E:\ProgramFile\MDK\Code\ARM\ARMCC\Bin\..\include\math.h(370): error:  #92: identifier-list parameters may only be used in a function definition
      _ARMABI_INLINE double _sqrt(double __x) { reTURN sqrt(__x); }
E:\ProgramFile\MDK\Code\ARM\ARMCC\Bin\..\include\math.h(373): error:  #20: identifier "reTURN" is undefined
      _ARMABI_INLINE float _sqrtf(float __x) { reTURN __sqrtf(__x); }
E:\ProgramFile\MDK\Code\ARM\ARMCC\Bin\..\include\math.h(373): error:  #92: identifier-list parameters may only be used in a function definition
      _ARMABI_INLINE float _sqrtf(float __x) { reTURN __sqrtf(__x); }
E:\ProgramFile\MDK\Code\ARM\ARMCC\Bin\..\include\math.h(373): error:  #159: declaration is incompatible with previous "__sqrtf"  (declared implicitly)
      _ARMABI_INLINE float _sqrtf(float __x) { reTURN __sqrtf(__x); }
E:\ProgramFile\MDK\Code\ARM\ARMCC\Bin\..\include\math.h(437): error:  #20: identifier "reTURN" is undefined
      reTURN __x;
E:\ProgramFile\MDK\Code\ARM\ARMCC\Bin\..\include\math.h(437): error:  #101: "__x" has already been declared in the current scope
      reTURN __x;
E:\ProgramFile\MDK\Code\ARM\ARMCC\Bin\..\include\math.h(445): error:  #20: identifier "reTURN" is undefined
      reTURN __x;
E:\ProgramFile\MDK\Code\ARM\ARMCC\Bin\..\include\math.h(445): error:  #101: "__x" has already been declared in the current scope
      reTURN __x;
E:\ProgramFile\MDK\Code\ARM\ARMCC\Bin\..\include\math.h(689): error:  #20: identifier "reTURN" is undefined
  _ARMABI_INLINE _ARMABI_PURE float fabsf(float __f) { reTURN _fabsf(__f); }
E:\ProgramFile\MDK\Code\ARM\ARMCC\Bin\..\include\math.h(689): error:  #92: identifier-list parameters may only be used in a function definition
  _ARMABI_INLINE _ARMABI_PURE float fabsf(float __f) { reTURN _fabsf(__f); }
E:\ProgramFile\MDK\Code\ARM\ARMCC\Bin\..\include\math.h(689): error:  #159: declaration is incompatible with previous "_fabsf"  (declared at line 688)
  _ARMABI_INLINE _ARMABI_PURE float fabsf(float __f) { reTURN _fabsf(__f); }
E:\ProgramFile\MDK\Code\ARM\ARMCC\Bin\..\include\math.h(807): error:  #29: expected an expression
      { reTURN (long double)fma((double)__x, (double)__y, (double)__z); }
E:\ProgramFile\MDK\Code\ARM\ARMCC\Bin\..\include\math.h(807): error:  #65: expected a ";"
      { reTURN (long double)fma((double)__x, (double)__y, (double)__z); }
E:\ProgramFile\MDK\Code\ARM\ARMCC\Bin\..\include\math.h(822): error:  #20: identifier "reTURN" is undefined
      { reTURN lrint((double)__x); }
E:\ProgramFile\MDK\Code\ARM\ARMCC\Bin\..\include\math.h(822): error:  #79: expected a type specifier
      { reTURN lrint((double)__x); }
E:\ProgramFile\MDK\Code\ARM\ARMCC\Bin\..\include\math.h(828): error:  #20: identifier "reTURN" is undefined
      { reTURN llrint((double)__x); }
E:\ProgramFile\MDK\Code\ARM\ARMCC\Bin\..\include\math.h(828): error:  #79: expected a type specifier
      { reTURN llrint((double)__x); }
E:\ProgramFile\MDK\Code\ARM\ARMCC\Bin\..\include\math.h(834): error:  #20: identifier "reTURN" is undefined
      { reTURN lround((double)__x); }
E:\ProgramFile\MDK\Code\ARM\ARMCC\Bin\..\include\math.h(834): error:  #79: expected a type specifier
      { reTURN lround((double)__x); }
E:\ProgramFile\MDK\Code\ARM\ARMCC\Bin\..\include\math.h(840): error:  #20: identifier "reTURN" is undefined
      { reTURN llround((double)__x); }
E:\ProgramFile\MDK\Code\ARM\ARMCC\Bin\..\include\math.h(840): error:  #79: expected a type specifier
      { reTURN llround((double)__x); }
E:\ProgramFile\MDK\Code\ARM\ARMCC\Bin\..\include\math.h(846): error:  #29: expected an expression
      { reTURN (long double)nan(__t); }
E:\ProgramFile\MDK\Code\ARM\ARMCC\Bin\..\include\math.h(846): error:  #65: expected a ";"
      { reTURN (long double)nan(__t); }
E:\ProgramFile\MDK\Code\ARM\ARMCC\Bin\..\include\math.h(863): error:  #29: expected an expression
      { reTURN (long double)remquo((double)__x, (double)__y, __q); }
E:\ProgramFile\MDK\Code\ARM\ARMCC\Bin\..\include\math.h(863): error:  #65: expected a ";"
      { reTURN (long double)remquo((double)__x, (double)__y, __q); }
..\TASK\comm_task.c: 0 warnings, 26 errors
compiling upraise_task.c...
E:\ProgramFile\MDK\Code\ARM\ARMCC\Bin\..\include\math.h(370): error:  #20: identifier "reTURN" is undefined
      _ARMABI_INLINE double _sqrt(double __x) { reTURN sqrt(__x); }
E:\ProgramFile\MDK\Code\ARM\ARMCC\Bin\..\include\math.h(370): error:  #92: identifier-list parameters may only be used in a function definition
      _ARMABI_INLINE double _sqrt(double __x) { reTURN sqrt(__x); }
E:\ProgramFile\MDK\Code\ARM\ARMCC\Bin\..\include\math.h(373): error:  #20: identifier "reTURN" is undefined
      _ARMABI_INLINE float _sqrtf(float __x) { reTURN __sqrtf(__x); }
E:\ProgramFile\MDK\Code\ARM\ARMCC\Bin\..\include\math.h(373): error:  #92: identifier-list parameters may only be used in a function definition
      _ARMABI_INLINE float _sqrtf(float __x) { reTURN __sqrtf(__x); }
E:\ProgramFile\MDK\Code\ARM\ARMCC\Bin\..\include\math.h(373): error:  #159: declaration is incompatible with previous "__sqrtf"  (declared implicitly)
      _ARMABI_INLINE float _sqrtf(float __x) { reTURN __sqrtf(__x); }
E:\ProgramFile\MDK\Code\ARM\ARMCC\Bin\..\include\math.h(437): error:  #20: identifier "reTURN" is undefined
      reTURN __x;
E:\ProgramFile\MDK\Code\ARM\ARMCC\Bin\..\include\math.h(437): error:  #101: "__x" has already been declared in the current scope
      reTURN __x;
E:\ProgramFile\MDK\Code\ARM\ARMCC\Bin\..\include\math.h(445): error:  #20: identifier "reTURN" is undefined
      reTURN __x;
E:\ProgramFile\MDK\Code\ARM\ARMCC\Bin\..\include\math.h(445): error:  #101: "__x" has already been declared in the current scope
      reTURN __x;
E:\ProgramFile\MDK\Code\ARM\ARMCC\Bin\..\include\math.h(689): error:  #20: identifier "reTURN" is undefined
  _ARMABI_INLINE _ARMABI_PURE float fabsf(float __f) { reTURN _fabsf(__f); }
E:\ProgramFile\MDK\Code\ARM\ARMCC\Bin\..\include\math.h(689): error:  #92: identifier-list parameters may only be used in a function definition
  _ARMABI_INLINE _ARMABI_PURE float fabsf(float __f) { reTURN _fabsf(__f); }
E:\ProgramFile\MDK\Code\ARM\ARMCC\Bin\..\include\math.h(689): error:  #159: declaration is incompatible with previous "_fabsf"  (declared at line 688)
  _ARMABI_INLINE _ARMABI_PURE float fabsf(float __f) { reTURN _fabsf(__f); }
E:\ProgramFile\MDK\Code\ARM\ARMCC\Bin\..\include\math.h(807): error:  #29: expected an expression
      { reTURN (long double)fma((double)__x, (double)__y, (double)__z); }
E:\ProgramFile\MDK\Code\ARM\ARMCC\Bin\..\include\math.h(807): error:  #65: expected a ";"
      { reTURN (long double)fma((double)__x, (double)__y, (double)__z); }
E:\ProgramFile\MDK\Code\ARM\ARMCC\Bin\..\include\math.h(822): error:  #20: identifier "reTURN" is undefined
      { reTURN lrint((double)__x); }
E:\ProgramFile\MDK\Code\ARM\ARMCC\Bin\..\include\math.h(822): error:  #79: expected a type specifier
      { reTURN lrint((double)__x); }
E:\ProgramFile\MDK\Code\ARM\ARMCC\Bin\..\include\math.h(828): error:  #20: identifier "reTURN" is undefined
      { reTURN llrint((double)__x); }
E:\ProgramFile\MDK\Code\ARM\ARMCC\Bin\..\include\math.h(828): error:  #79: expected a type specifier
      { reTURN llrint((double)__x); }
E:\ProgramFile\MDK\Code\ARM\ARMCC\Bin\..\include\math.h(834): error:  #20: identifier "reTURN" is undefined
      { reTURN lround((double)__x); }
E:\ProgramFile\MDK\Code\ARM\ARMCC\Bin\..\include\math.h(834): error:  #79: expected a type specifier
      { reTURN lround((double)__x); }
E:\ProgramFile\MDK\Code\ARM\ARMCC\Bin\..\include\math.h(840): error:  #20: identifier "reTURN" is undefined
      { reTURN llround((double)__x); }
E:\ProgramFile\MDK\Code\ARM\ARMCC\Bin\..\include\math.h(840): error:  #79: expected a type specifier
      { reTURN llround((double)__x); }
E:\ProgramFile\MDK\Code\ARM\ARMCC\Bin\..\include\math.h(846): error:  #29: expected an expression
      { reTURN (long double)nan(__t); }
E:\ProgramFile\MDK\Code\ARM\ARMCC\Bin\..\include\math.h(846): error:  #65: expected a ";"
      { reTURN (long double)nan(__t); }
E:\ProgramFile\MDK\Code\ARM\ARMCC\Bin\..\include\math.h(863): error:  #29: expected an expression
      { reTURN (long double)remquo((double)__x, (double)__y, __q); }
E:\ProgramFile\MDK\Code\ARM\ARMCC\Bin\..\include\math.h(863): error:  #65: expected a ";"
      { reTURN (long double)remquo((double)__x, (double)__y, __q); }
..\TASK\upraise_task.c: 0 warnings, 26 errors
compiling bsp_can.c...
E:\ProgramFile\MDK\Code\ARM\ARMCC\Bin\..\include\math.h(370): error:  #20: identifier "reTURN" is undefined
      _ARMABI_INLINE double _sqrt(double __x) { reTURN sqrt(__x); }
E:\ProgramFile\MDK\Code\ARM\ARMCC\Bin\..\include\math.h(370): error:  #92: identifier-list parameters may only be used in a function definition
      _ARMABI_INLINE double _sqrt(double __x) { reTURN sqrt(__x); }
E:\ProgramFile\MDK\Code\ARM\ARMCC\Bin\..\include\math.h(373): error:  #20: identifier "reTURN" is undefined
      _ARMABI_INLINE float _sqrtf(float __x) { reTURN __sqrtf(__x); }
E:\ProgramFile\MDK\Code\ARM\ARMCC\Bin\..\include\math.h(373): error:  #92: identifier-list parameters may only be used in a function definition
      _ARMABI_INLINE float _sqrtf(float __x) { reTURN __sqrtf(__x); }
E:\ProgramFile\MDK\Code\ARM\ARMCC\Bin\..\include\math.h(373): error:  #159: declaration is incompatible with previous "__sqrtf"  (declared implicitly)
      _ARMABI_INLINE float _sqrtf(float __x) { reTURN __sqrtf(__x); }
E:\ProgramFile\MDK\Code\ARM\ARMCC\Bin\..\include\math.h(437): error:  #20: identifier "reTURN" is undefined
      reTURN __x;
E:\ProgramFile\MDK\Code\ARM\ARMCC\Bin\..\include\math.h(437): error:  #101: "__x" has already been declared in the current scope
      reTURN __x;
E:\ProgramFile\MDK\Code\ARM\ARMCC\Bin\..\include\math.h(445): error:  #20: identifier "reTURN" is undefined
      reTURN __x;
E:\ProgramFile\MDK\Code\ARM\ARMCC\Bin\..\include\math.h(445): error:  #101: "__x" has already been declared in the current scope
      reTURN __x;
E:\ProgramFile\MDK\Code\ARM\ARMCC\Bin\..\include\math.h(689): error:  #20: identifier "reTURN" is undefined
  _ARMABI_INLINE _ARMABI_PURE float fabsf(float __f) { reTURN _fabsf(__f); }
E:\ProgramFile\MDK\Code\ARM\ARMCC\Bin\..\include\math.h(689): error:  #92: identifier-list parameters may only be used in a function definition
  _ARMABI_INLINE _ARMABI_PURE float fabsf(float __f) { reTURN _fabsf(__f); }
E:\ProgramFile\MDK\Code\ARM\ARMCC\Bin\..\include\math.h(689): error:  #159: declaration is incompatible with previous "_fabsf"  (declared at line 688)
  _ARMABI_INLINE _ARMABI_PURE float fabsf(float __f) { reTURN _fabsf(__f); }
E:\ProgramFile\MDK\Code\ARM\ARMCC\Bin\..\include\math.h(807): error:  #29: expected an expression
      { reTURN (long double)fma((double)__x, (double)__y, (double)__z); }
E:\ProgramFile\MDK\Code\ARM\ARMCC\Bin\..\include\math.h(807): error:  #65: expected a ";"
      { reTURN (long double)fma((double)__x, (double)__y, (double)__z); }
E:\ProgramFile\MDK\Code\ARM\ARMCC\Bin\..\include\math.h(822): error:  #20: identifier "reTURN" is undefined
      { reTURN lrint((double)__x); }
E:\ProgramFile\MDK\Code\ARM\ARMCC\Bin\..\include\math.h(822): error:  #79: expected a type specifier
      { reTURN lrint((double)__x); }
E:\ProgramFile\MDK\Code\ARM\ARMCC\Bin\..\include\math.h(828): error:  #20: identifier "reTURN" is undefined
      { reTURN llrint((double)__x); }
E:\ProgramFile\MDK\Code\ARM\ARMCC\Bin\..\include\math.h(828): error:  #79: expected a type specifier
      { reTURN llrint((double)__x); }
E:\ProgramFile\MDK\Code\ARM\ARMCC\Bin\..\include\math.h(834): error:  #20: identifier "reTURN" is undefined
      { reTURN lround((double)__x); }
E:\ProgramFile\MDK\Code\ARM\ARMCC\Bin\..\include\math.h(834): error:  #79: expected a type specifier
      { reTURN lround((double)__x); }
E:\ProgramFile\MDK\Code\ARM\ARMCC\Bin\..\include\math.h(840): error:  #20: identifier "reTURN" is undefined
      { reTURN llround((double)__x); }
E:\ProgramFile\MDK\Code\ARM\ARMCC\Bin\..\include\math.h(840): error:  #79: expected a type specifier
      { reTURN llround((double)__x); }
E:\ProgramFile\MDK\Code\ARM\ARMCC\Bin\..\include\math.h(846): error:  #29: expected an expression
      { reTURN (long double)nan(__t); }
E:\ProgramFile\MDK\Code\ARM\ARMCC\Bin\..\include\math.h(846): error:  #65: expected a ";"
      { reTURN (long double)nan(__t); }
E:\ProgramFile\MDK\Code\ARM\ARMCC\Bin\..\include\math.h(863): error:  #29: expected an expression
      { reTURN (long double)remquo((double)__x, (double)__y, __q); }
E:\ProgramFile\MDK\Code\ARM\ARMCC\Bin\..\include\math.h(863): error:  #65: expected a ";"
      { reTURN (long double)remquo((double)__x, (double)__y, __q); }
..\BSP_CONF\bsp_can.c: 0 warnings, 26 errors
compiling chassis_task.c...
E:\ProgramFile\MDK\Code\ARM\ARMCC\Bin\..\include\math.h(370): error:  #20: identifier "reTURN" is undefined
      _ARMABI_INLINE double _sqrt(double __x) { reTURN sqrt(__x); }
E:\ProgramFile\MDK\Code\ARM\ARMCC\Bin\..\include\math.h(370): error:  #92: identifier-list parameters may only be used in a function definition
      _ARMABI_INLINE double _sqrt(double __x) { reTURN sqrt(__x); }
E:\ProgramFile\MDK\Code\ARM\ARMCC\Bin\..\include\math.h(373): error:  #20: identifier "reTURN" is undefined
      _ARMABI_INLINE float _sqrtf(float __x) { reTURN __sqrtf(__x); }
E:\ProgramFile\MDK\Code\ARM\ARMCC\Bin\..\include\math.h(373): error:  #92: identifier-list parameters may only be used in a function definition
      _ARMABI_INLINE float _sqrtf(float __x) { reTURN __sqrtf(__x); }
E:\ProgramFile\MDK\Code\ARM\ARMCC\Bin\..\include\math.h(373): error:  #159: declaration is incompatible with previous "__sqrtf"  (declared implicitly)
      _ARMABI_INLINE float _sqrtf(float __x) { reTURN __sqrtf(__x); }
E:\ProgramFile\MDK\Code\ARM\ARMCC\Bin\..\include\math.h(437): error:  #20: identifier "reTURN" is undefined
      reTURN __x;
E:\ProgramFile\MDK\Code\ARM\ARMCC\Bin\..\include\math.h(437): error:  #101: "__x" has already been declared in the current scope
      reTURN __x;
E:\ProgramFile\MDK\Code\ARM\ARMCC\Bin\..\include\math.h(445): error:  #20: identifier "reTURN" is undefined
      reTURN __x;
E:\ProgramFile\MDK\Code\ARM\ARMCC\Bin\..\include\math.h(445): error:  #101: "__x" has already been declared in the current scope
      reTURN __x;
E:\ProgramFile\MDK\Code\ARM\ARMCC\Bin\..\include\math.h(689): error:  #20: identifier "reTURN" is undefined
  _ARMABI_INLINE _ARMABI_PURE float fabsf(float __f) { reTURN _fabsf(__f); }
E:\ProgramFile\MDK\Code\ARM\ARMCC\Bin\..\include\math.h(689): error:  #92: identifier-list parameters may only be used in a function definition
  _ARMABI_INLINE _ARMABI_PURE float fabsf(float __f) { reTURN _fabsf(__f); }
E:\ProgramFile\MDK\Code\ARM\ARMCC\Bin\..\include\math.h(689): error:  #159: declaration is incompatible with previous "_fabsf"  (declared at line 688)
  _ARMABI_INLINE _ARMABI_PURE float fabsf(float __f) { reTURN _fabsf(__f); }
E:\ProgramFile\MDK\Code\ARM\ARMCC\Bin\..\include\math.h(807): error:  #29: expected an expression
      { reTURN (long double)fma((double)__x, (double)__y, (double)__z); }
E:\ProgramFile\MDK\Code\ARM\ARMCC\Bin\..\include\math.h(807): error:  #65: expected a ";"
      { reTURN (long double)fma((double)__x, (double)__y, (double)__z); }
E:\ProgramFile\MDK\Code\ARM\ARMCC\Bin\..\include\math.h(822): error:  #20: identifier "reTURN" is undefined
      { reTURN lrint((double)__x); }
E:\ProgramFile\MDK\Code\ARM\ARMCC\Bin\..\include\math.h(822): error:  #79: expected a type specifier
      { reTURN lrint((double)__x); }
E:\ProgramFile\MDK\Code\ARM\ARMCC\Bin\..\include\math.h(828): error:  #20: identifier "reTURN" is undefined
      { reTURN llrint((double)__x); }
E:\ProgramFile\MDK\Code\ARM\ARMCC\Bin\..\include\math.h(828): error:  #79: expected a type specifier
      { reTURN llrint((double)__x); }
E:\ProgramFile\MDK\Code\ARM\ARMCC\Bin\..\include\math.h(834): error:  #20: identifier "reTURN" is undefined
      { reTURN lround((double)__x); }
E:\ProgramFile\MDK\Code\ARM\ARMCC\Bin\..\include\math.h(834): error:  #79: expected a type specifier
      { reTURN lround((double)__x); }
E:\ProgramFile\MDK\Code\ARM\ARMCC\Bin\..\include\math.h(840): error:  #20: identifier "reTURN" is undefined
      { reTURN llround((double)__x); }
E:\ProgramFile\MDK\Code\ARM\ARMCC\Bin\..\include\math.h(840): error:  #79: expected a type specifier
      { reTURN llround((double)__x); }
E:\ProgramFile\MDK\Code\ARM\ARMCC\Bin\..\include\math.h(846): error:  #29: expected an expression
      { reTURN (long double)nan(__t); }
E:\ProgramFile\MDK\Code\ARM\ARMCC\Bin\..\include\math.h(846): error:  #65: expected a ";"
      { reTURN (long double)nan(__t); }
E:\ProgramFile\MDK\Code\ARM\ARMCC\Bin\..\include\math.h(863): error:  #29: expected an expression
      { reTURN (long double)remquo((double)__x, (double)__y, __q); }
E:\ProgramFile\MDK\Code\ARM\ARMCC\Bin\..\include\math.h(863): error:  #65: expected a ";"
      { reTURN (long double)remquo((double)__x, (double)__y, __q); }
..\TASK\chassis_task.c(285): warning:  #177-D: function "chassis_exchange_handler"  was declared but never referenced
  static void chassis_exchange_handler(void)
..\TASK\chassis_task.c: 1 warning, 26 errors
compiling imu_task.c...
E:\ProgramFile\MDK\Code\ARM\ARMCC\Bin\..\include\math.h(370): error:  #20: identifier "reTURN" is undefined
      _ARMABI_INLINE double _sqrt(double __x) { reTURN sqrt(__x); }
E:\ProgramFile\MDK\Code\ARM\ARMCC\Bin\..\include\math.h(370): error:  #92: identifier-list parameters may only be used in a function definition
      _ARMABI_INLINE double _sqrt(double __x) { reTURN sqrt(__x); }
E:\ProgramFile\MDK\Code\ARM\ARMCC\Bin\..\include\math.h(373): error:  #20: identifier "reTURN" is undefined
      _ARMABI_INLINE float _sqrtf(float __x) { reTURN __sqrtf(__x); }
E:\ProgramFile\MDK\Code\ARM\ARMCC\Bin\..\include\math.h(373): error:  #92: identifier-list parameters may only be used in a function definition
      _ARMABI_INLINE float _sqrtf(float __x) { reTURN __sqrtf(__x); }
E:\ProgramFile\MDK\Code\ARM\ARMCC\Bin\..\include\math.h(373): error:  #159: declaration is incompatible with previous "__sqrtf"  (declared implicitly)
      _ARMABI_INLINE float _sqrtf(float __x) { reTURN __sqrtf(__x); }
E:\ProgramFile\MDK\Code\ARM\ARMCC\Bin\..\include\math.h(437): error:  #20: identifier "reTURN" is undefined
      reTURN __x;
E:\ProgramFile\MDK\Code\ARM\ARMCC\Bin\..\include\math.h(437): error:  #101: "__x" has already been declared in the current scope
      reTURN __x;
E:\ProgramFile\MDK\Code\ARM\ARMCC\Bin\..\include\math.h(445): error:  #20: identifier "reTURN" is undefined
      reTURN __x;
E:\ProgramFile\MDK\Code\ARM\ARMCC\Bin\..\include\math.h(445): error:  #101: "__x" has already been declared in the current scope
      reTURN __x;
E:\ProgramFile\MDK\Code\ARM\ARMCC\Bin\..\include\math.h(689): error:  #20: identifier "reTURN" is undefined
  _ARMABI_INLINE _ARMABI_PURE float fabsf(float __f) { reTURN _fabsf(__f); }
E:\ProgramFile\MDK\Code\ARM\ARMCC\Bin\..\include\math.h(689): error:  #92: identifier-list parameters may only be used in a function definition
  _ARMABI_INLINE _ARMABI_PURE float fabsf(float __f) { reTURN _fabsf(__f); }
E:\ProgramFile\MDK\Code\ARM\ARMCC\Bin\..\include\math.h(689): error:  #159: declaration is incompatible with previous "_fabsf"  (declared at line 688)
  _ARMABI_INLINE _ARMABI_PURE float fabsf(float __f) { reTURN _fabsf(__f); }
E:\ProgramFile\MDK\Code\ARM\ARMCC\Bin\..\include\math.h(807): error:  #29: expected an expression
      { reTURN (long double)fma((double)__x, (double)__y, (double)__z); }
E:\ProgramFile\MDK\Code\ARM\ARMCC\Bin\..\include\math.h(807): error:  #65: expected a ";"
      { reTURN (long double)fma((double)__x, (double)__y, (double)__z); }
E:\ProgramFile\MDK\Code\ARM\ARMCC\Bin\..\include\math.h(822): error:  #20: identifier "reTURN" is undefined
      { reTURN lrint((double)__x); }
E:\ProgramFile\MDK\Code\ARM\ARMCC\Bin\..\include\math.h(822): error:  #79: expected a type specifier
      { reTURN lrint((double)__x); }
E:\ProgramFile\MDK\Code\ARM\ARMCC\Bin\..\include\math.h(828): error:  #20: identifier "reTURN" is undefined
      { reTURN llrint((double)__x); }
E:\ProgramFile\MDK\Code\ARM\ARMCC\Bin\..\include\math.h(828): error:  #79: expected a type specifier
      { reTURN llrint((double)__x); }
E:\ProgramFile\MDK\Code\ARM\ARMCC\Bin\..\include\math.h(834): error:  #20: identifier "reTURN" is undefined
      { reTURN lround((double)__x); }
E:\ProgramFile\MDK\Code\ARM\ARMCC\Bin\..\include\math.h(834): error:  #79: expected a type specifier
      { reTURN lround((double)__x); }
E:\ProgramFile\MDK\Code\ARM\ARMCC\Bin\..\include\math.h(840): error:  #20: identifier "reTURN" is undefined
      { reTURN llround((double)__x); }
E:\ProgramFile\MDK\Code\ARM\ARMCC\Bin\..\include\math.h(840): error:  #79: expected a type specifier
      { reTURN llround((double)__x); }
E:\ProgramFile\MDK\Code\ARM\ARMCC\Bin\..\include\math.h(846): error:  #29: expected an expression
      { reTURN (long double)nan(__t); }
E:\ProgramFile\MDK\Code\ARM\ARMCC\Bin\..\include\math.h(846): error:  #65: expected a ";"
      { reTURN (long double)nan(__t); }
E:\ProgramFile\MDK\Code\ARM\ARMCC\Bin\..\include\math.h(863): error:  #29: expected an expression
      { reTURN (long double)remquo((double)__x, (double)__y, __q); }
E:\ProgramFile\MDK\Code\ARM\ARMCC\Bin\..\include\math.h(863): error:  #65: expected a ";"
      { reTURN (long double)remquo((double)__x, (double)__y, __q); }
..\TASK\imu_task.c: 0 warnings, 26 errors
compiling supply_task.c...
E:\ProgramFile\MDK\Code\ARM\ARMCC\Bin\..\include\math.h(370): error:  #20: identifier "reTURN" is undefined
      _ARMABI_INLINE double _sqrt(double __x) { reTURN sqrt(__x); }
E:\ProgramFile\MDK\Code\ARM\ARMCC\Bin\..\include\math.h(370): error:  #92: identifier-list parameters may only be used in a function definition
      _ARMABI_INLINE double _sqrt(double __x) { reTURN sqrt(__x); }
E:\ProgramFile\MDK\Code\ARM\ARMCC\Bin\..\include\math.h(373): error:  #20: identifier "reTURN" is undefined
      _ARMABI_INLINE float _sqrtf(float __x) { reTURN __sqrtf(__x); }
E:\ProgramFile\MDK\Code\ARM\ARMCC\Bin\..\include\math.h(373): error:  #92: identifier-list parameters may only be used in a function definition
      _ARMABI_INLINE float _sqrtf(float __x) { reTURN __sqrtf(__x); }
E:\ProgramFile\MDK\Code\ARM\ARMCC\Bin\..\include\math.h(373): error:  #159: declaration is incompatible with previous "__sqrtf"  (declared implicitly)
      _ARMABI_INLINE float _sqrtf(float __x) { reTURN __sqrtf(__x); }
E:\ProgramFile\MDK\Code\ARM\ARMCC\Bin\..\include\math.h(437): error:  #20: identifier "reTURN" is undefined
      reTURN __x;
E:\ProgramFile\MDK\Code\ARM\ARMCC\Bin\..\include\math.h(437): error:  #101: "__x" has already been declared in the current scope
      reTURN __x;
E:\ProgramFile\MDK\Code\ARM\ARMCC\Bin\..\include\math.h(445): error:  #20: identifier "reTURN" is undefined
      reTURN __x;
E:\ProgramFile\MDK\Code\ARM\ARMCC\Bin\..\include\math.h(445): error:  #101: "__x" has already been declared in the current scope
      reTURN __x;
E:\ProgramFile\MDK\Code\ARM\ARMCC\Bin\..\include\math.h(689): error:  #20: identifier "reTURN" is undefined
  _ARMABI_INLINE _ARMABI_PURE float fabsf(float __f) { reTURN _fabsf(__f); }
E:\ProgramFile\MDK\Code\ARM\ARMCC\Bin\..\include\math.h(689): error:  #92: identifier-list parameters may only be used in a function definition
  _ARMABI_INLINE _ARMABI_PURE float fabsf(float __f) { reTURN _fabsf(__f); }
E:\ProgramFile\MDK\Code\ARM\ARMCC\Bin\..\include\math.h(689): error:  #159: declaration is incompatible with previous "_fabsf"  (declared at line 688)
  _ARMABI_INLINE _ARMABI_PURE float fabsf(float __f) { reTURN _fabsf(__f); }
E:\ProgramFile\MDK\Code\ARM\ARMCC\Bin\..\include\math.h(807): error:  #29: expected an expression
      { reTURN (long double)fma((double)__x, (double)__y, (double)__z); }
E:\ProgramFile\MDK\Code\ARM\ARMCC\Bin\..\include\math.h(807): error:  #65: expected a ";"
      { reTURN (long double)fma((double)__x, (double)__y, (double)__z); }
E:\ProgramFile\MDK\Code\ARM\ARMCC\Bin\..\include\math.h(822): error:  #20: identifier "reTURN" is undefined
      { reTURN lrint((double)__x); }
E:\ProgramFile\MDK\Code\ARM\ARMCC\Bin\..\include\math.h(822): error:  #79: expected a type specifier
      { reTURN lrint((double)__x); }
E:\ProgramFile\MDK\Code\ARM\ARMCC\Bin\..\include\math.h(828): error:  #20: identifier "reTURN" is undefined
      { reTURN llrint((double)__x); }
E:\ProgramFile\MDK\Code\ARM\ARMCC\Bin\..\include\math.h(828): error:  #79: expected a type specifier
      { reTURN llrint((double)__x); }
E:\ProgramFile\MDK\Code\ARM\ARMCC\Bin\..\include\math.h(834): error:  #20: identifier "reTURN" is undefined
      { reTURN lround((double)__x); }
E:\ProgramFile\MDK\Code\ARM\ARMCC\Bin\..\include\math.h(834): error:  #79: expected a type specifier
      { reTURN lround((double)__x); }
E:\ProgramFile\MDK\Code\ARM\ARMCC\Bin\..\include\math.h(840): error:  #20: identifier "reTURN" is undefined
      { reTURN llround((double)__x); }
E:\ProgramFile\MDK\Code\ARM\ARMCC\Bin\..\include\math.h(840): error:  #79: expected a type specifier
      { reTURN llround((double)__x); }
E:\ProgramFile\MDK\Code\ARM\ARMCC\Bin\..\include\math.h(846): error:  #29: expected an expression
      { reTURN (long double)nan(__t); }
E:\ProgramFile\MDK\Code\ARM\ARMCC\Bin\..\include\math.h(846): error:  #65: expected a ";"
      { reTURN (long double)nan(__t); }
E:\ProgramFile\MDK\Code\ARM\ARMCC\Bin\..\include\math.h(863): error:  #29: expected an expression
      { reTURN (long double)remquo((double)__x, (double)__y, __q); }
E:\ProgramFile\MDK\Code\ARM\ARMCC\Bin\..\include\math.h(863): error:  #65: expected a ";"
      { reTURN (long double)remquo((double)__x, (double)__y, __q); }
..\TASK\supply_task.c: 0 warnings, 26 errors
compiling slide_task.c...
E:\ProgramFile\MDK\Code\ARM\ARMCC\Bin\..\include\math.h(370): error:  #20: identifier "reTURN" is undefined
      _ARMABI_INLINE double _sqrt(double __x) { reTURN sqrt(__x); }
E:\ProgramFile\MDK\Code\ARM\ARMCC\Bin\..\include\math.h(370): error:  #92: identifier-list parameters may only be used in a function definition
      _ARMABI_INLINE double _sqrt(double __x) { reTURN sqrt(__x); }
E:\ProgramFile\MDK\Code\ARM\ARMCC\Bin\..\include\math.h(373): error:  #20: identifier "reTURN" is undefined
      _ARMABI_INLINE float _sqrtf(float __x) { reTURN __sqrtf(__x); }
E:\ProgramFile\MDK\Code\ARM\ARMCC\Bin\..\include\math.h(373): error:  #92: identifier-list parameters may only be used in a function definition
      _ARMABI_INLINE float _sqrtf(float __x) { reTURN __sqrtf(__x); }
E:\ProgramFile\MDK\Code\ARM\ARMCC\Bin\..\include\math.h(373): error:  #159: declaration is incompatible with previous "__sqrtf"  (declared implicitly)
      _ARMABI_INLINE float _sqrtf(float __x) { reTURN __sqrtf(__x); }
E:\ProgramFile\MDK\Code\ARM\ARMCC\Bin\..\include\math.h(437): error:  #20: identifier "reTURN" is undefined
      reTURN __x;
E:\ProgramFile\MDK\Code\ARM\ARMCC\Bin\..\include\math.h(437): error:  #101: "__x" has already been declared in the current scope
      reTURN __x;
E:\ProgramFile\MDK\Code\ARM\ARMCC\Bin\..\include\math.h(445): error:  #20: identifier "reTURN" is undefined
      reTURN __x;
E:\ProgramFile\MDK\Code\ARM\ARMCC\Bin\..\include\math.h(445): error:  #101: "__x" has already been declared in the current scope
      reTURN __x;
E:\ProgramFile\MDK\Code\ARM\ARMCC\Bin\..\include\math.h(689): error:  #20: identifier "reTURN" is undefined
  _ARMABI_INLINE _ARMABI_PURE float fabsf(float __f) { reTURN _fabsf(__f); }
E:\ProgramFile\MDK\Code\ARM\ARMCC\Bin\..\include\math.h(689): error:  #92: identifier-list parameters may only be used in a function definition
  _ARMABI_INLINE _ARMABI_PURE float fabsf(float __f) { reTURN _fabsf(__f); }
E:\ProgramFile\MDK\Code\ARM\ARMCC\Bin\..\include\math.h(689): error:  #159: declaration is incompatible with previous "_fabsf"  (declared at line 688)
  _ARMABI_INLINE _ARMABI_PURE float fabsf(float __f) { reTURN _fabsf(__f); }
E:\ProgramFile\MDK\Code\ARM\ARMCC\Bin\..\include\math.h(807): error:  #29: expected an expression
      { reTURN (long double)fma((double)__x, (double)__y, (double)__z); }
E:\ProgramFile\MDK\Code\ARM\ARMCC\Bin\..\include\math.h(807): error:  #65: expected a ";"
      { reTURN (long double)fma((double)__x, (double)__y, (double)__z); }
E:\ProgramFile\MDK\Code\ARM\ARMCC\Bin\..\include\math.h(822): error:  #20: identifier "reTURN" is undefined
      { reTURN lrint((double)__x); }
E:\ProgramFile\MDK\Code\ARM\ARMCC\Bin\..\include\math.h(822): error:  #79: expected a type specifier
      { reTURN lrint((double)__x); }
E:\ProgramFile\MDK\Code\ARM\ARMCC\Bin\..\include\math.h(828): error:  #20: identifier "reTURN" is undefined
      { reTURN llrint((double)__x); }
E:\ProgramFile\MDK\Code\ARM\ARMCC\Bin\..\include\math.h(828): error:  #79: expected a type specifier
      { reTURN llrint((double)__x); }
E:\ProgramFile\MDK\Code\ARM\ARMCC\Bin\..\include\math.h(834): error:  #20: identifier "reTURN" is undefined
      { reTURN lround((double)__x); }
E:\ProgramFile\MDK\Code\ARM\ARMCC\Bin\..\include\math.h(834): error:  #79: expected a type specifier
      { reTURN lround((double)__x); }
E:\ProgramFile\MDK\Code\ARM\ARMCC\Bin\..\include\math.h(840): error:  #20: identifier "reTURN" is undefined
      { reTURN llround((double)__x); }
E:\ProgramFile\MDK\Code\ARM\ARMCC\Bin\..\include\math.h(840): error:  #79: expected a type specifier
      { reTURN llround((double)__x); }
E:\ProgramFile\MDK\Code\ARM\ARMCC\Bin\..\include\math.h(846): error:  #29: expected an expression
      { reTURN (long double)nan(__t); }
E:\ProgramFile\MDK\Code\ARM\ARMCC\Bin\..\include\math.h(846): error:  #65: expected a ";"
      { reTURN (long double)nan(__t); }
E:\ProgramFile\MDK\Code\ARM\ARMCC\Bin\..\include\math.h(863): error:  #29: expected an expression
      { reTURN (long double)remquo((double)__x, (double)__y, __q); }
E:\ProgramFile\MDK\Code\ARM\ARMCC\Bin\..\include\math.h(863): error:  #65: expected a ";"
      { reTURN (long double)remquo((double)__x, (double)__y, __q); }
..\TASK\slide_task.c: 0 warnings, 26 errors
compiling start_task.c...
E:\ProgramFile\MDK\Code\ARM\ARMCC\Bin\..\include\math.h(370): error:  #20: identifier "reTURN" is undefined
      _ARMABI_INLINE double _sqrt(double __x) { reTURN sqrt(__x); }
E:\ProgramFile\MDK\Code\ARM\ARMCC\Bin\..\include\math.h(370): error:  #92: identifier-list parameters may only be used in a function definition
      _ARMABI_INLINE double _sqrt(double __x) { reTURN sqrt(__x); }
E:\ProgramFile\MDK\Code\ARM\ARMCC\Bin\..\include\math.h(373): error:  #20: identifier "reTURN" is undefined
      _ARMABI_INLINE float _sqrtf(float __x) { reTURN __sqrtf(__x); }
E:\ProgramFile\MDK\Code\ARM\ARMCC\Bin\..\include\math.h(373): error:  #92: identifier-list parameters may only be used in a function definition
      _ARMABI_INLINE float _sqrtf(float __x) { reTURN __sqrtf(__x); }
E:\ProgramFile\MDK\Code\ARM\ARMCC\Bin\..\include\math.h(373): error:  #159: declaration is incompatible with previous "__sqrtf"  (declared implicitly)
      _ARMABI_INLINE float _sqrtf(float __x) { reTURN __sqrtf(__x); }
E:\ProgramFile\MDK\Code\ARM\ARMCC\Bin\..\include\math.h(437): error:  #20: identifier "reTURN" is undefined
      reTURN __x;
E:\ProgramFile\MDK\Code\ARM\ARMCC\Bin\..\include\math.h(437): error:  #101: "__x" has already been declared in the current scope
      reTURN __x;
E:\ProgramFile\MDK\Code\ARM\ARMCC\Bin\..\include\math.h(445): error:  #20: identifier "reTURN" is undefined
      reTURN __x;
E:\ProgramFile\MDK\Code\ARM\ARMCC\Bin\..\include\math.h(445): error:  #101: "__x" has already been declared in the current scope
      reTURN __x;
E:\ProgramFile\MDK\Code\ARM\ARMCC\Bin\..\include\math.h(689): error:  #20: identifier "reTURN" is undefined
  _ARMABI_INLINE _ARMABI_PURE float fabsf(float __f) { reTURN _fabsf(__f); }
E:\ProgramFile\MDK\Code\ARM\ARMCC\Bin\..\include\math.h(689): error:  #92: identifier-list parameters may only be used in a function definition
  _ARMABI_INLINE _ARMABI_PURE float fabsf(float __f) { reTURN _fabsf(__f); }
E:\ProgramFile\MDK\Code\ARM\ARMCC\Bin\..\include\math.h(689): error:  #159: declaration is incompatible with previous "_fabsf"  (declared at line 688)
  _ARMABI_INLINE _ARMABI_PURE float fabsf(float __f) { reTURN _fabsf(__f); }
E:\ProgramFile\MDK\Code\ARM\ARMCC\Bin\..\include\math.h(807): error:  #29: expected an expression
      { reTURN (long double)fma((double)__x, (double)__y, (double)__z); }
E:\ProgramFile\MDK\Code\ARM\ARMCC\Bin\..\include\math.h(807): error:  #65: expected a ";"
      { reTURN (long double)fma((double)__x, (double)__y, (double)__z); }
E:\ProgramFile\MDK\Code\ARM\ARMCC\Bin\..\include\math.h(822): error:  #20: identifier "reTURN" is undefined
      { reTURN lrint((double)__x); }
E:\ProgramFile\MDK\Code\ARM\ARMCC\Bin\..\include\math.h(822): error:  #79: expected a type specifier
      { reTURN lrint((double)__x); }
E:\ProgramFile\MDK\Code\ARM\ARMCC\Bin\..\include\math.h(828): error:  #20: identifier "reTURN" is undefined
      { reTURN llrint((double)__x); }
E:\ProgramFile\MDK\Code\ARM\ARMCC\Bin\..\include\math.h(828): error:  #79: expected a type specifier
      { reTURN llrint((double)__x); }
E:\ProgramFile\MDK\Code\ARM\ARMCC\Bin\..\include\math.h(834): error:  #20: identifier "reTURN" is undefined
      { reTURN lround((double)__x); }
E:\ProgramFile\MDK\Code\ARM\ARMCC\Bin\..\include\math.h(834): error:  #79: expected a type specifier
      { reTURN lround((double)__x); }
E:\ProgramFile\MDK\Code\ARM\ARMCC\Bin\..\include\math.h(840): error:  #20: identifier "reTURN" is undefined
      { reTURN llround((double)__x); }
E:\ProgramFile\MDK\Code\ARM\ARMCC\Bin\..\include\math.h(840): error:  #79: expected a type specifier
      { reTURN llround((double)__x); }
E:\ProgramFile\MDK\Code\ARM\ARMCC\Bin\..\include\math.h(846): error:  #29: expected an expression
      { reTURN (long double)nan(__t); }
E:\ProgramFile\MDK\Code\ARM\ARMCC\Bin\..\include\math.h(846): error:  #65: expected a ";"
      { reTURN (long double)nan(__t); }
E:\ProgramFile\MDK\Code\ARM\ARMCC\Bin\..\include\math.h(863): error:  #29: expected an expression
      { reTURN (long double)remquo((double)__x, (double)__y, __q); }
E:\ProgramFile\MDK\Code\ARM\ARMCC\Bin\..\include\math.h(863): error:  #65: expected a ";"
      { reTURN (long double)remquo((double)__x, (double)__y, __q); }
..\USER_CONF\start_task.c: 0 warnings, 26 errors
compiling info_get_task.c...
E:\ProgramFile\MDK\Code\ARM\ARMCC\Bin\..\include\math.h(370): error:  #20: identifier "reTURN" is undefined
      _ARMABI_INLINE double _sqrt(double __x) { reTURN sqrt(__x); }
E:\ProgramFile\MDK\Code\ARM\ARMCC\Bin\..\include\math.h(370): error:  #92: identifier-list parameters may only be used in a function definition
      _ARMABI_INLINE double _sqrt(double __x) { reTURN sqrt(__x); }
E:\ProgramFile\MDK\Code\ARM\ARMCC\Bin\..\include\math.h(373): error:  #20: identifier "reTURN" is undefined
      _ARMABI_INLINE float _sqrtf(float __x) { reTURN __sqrtf(__x); }
E:\ProgramFile\MDK\Code\ARM\ARMCC\Bin\..\include\math.h(373): error:  #92: identifier-list parameters may only be used in a function definition
      _ARMABI_INLINE float _sqrtf(float __x) { reTURN __sqrtf(__x); }
E:\ProgramFile\MDK\Code\ARM\ARMCC\Bin\..\include\math.h(373): error:  #159: declaration is incompatible with previous "__sqrtf"  (declared implicitly)
      _ARMABI_INLINE float _sqrtf(float __x) { reTURN __sqrtf(__x); }
E:\ProgramFile\MDK\Code\ARM\ARMCC\Bin\..\include\math.h(437): error:  #20: identifier "reTURN" is undefined
      reTURN __x;
E:\ProgramFile\MDK\Code\ARM\ARMCC\Bin\..\include\math.h(437): error:  #101: "__x" has already been declared in the current scope
      reTURN __x;
E:\ProgramFile\MDK\Code\ARM\ARMCC\Bin\..\include\math.h(445): error:  #20: identifier "reTURN" is undefined
      reTURN __x;
E:\ProgramFile\MDK\Code\ARM\ARMCC\Bin\..\include\math.h(445): error:  #101: "__x" has already been declared in the current scope
      reTURN __x;
E:\ProgramFile\MDK\Code\ARM\ARMCC\Bin\..\include\math.h(689): error:  #20: identifier "reTURN" is undefined
  _ARMABI_INLINE _ARMABI_PURE float fabsf(float __f) { reTURN _fabsf(__f); }
E:\ProgramFile\MDK\Code\ARM\ARMCC\Bin\..\include\math.h(689): error:  #92: identifier-list parameters may only be used in a function definition
  _ARMABI_INLINE _ARMABI_PURE float fabsf(float __f) { reTURN _fabsf(__f); }
E:\ProgramFile\MDK\Code\ARM\ARMCC\Bin\..\include\math.h(689): error:  #159: declaration is incompatible with previous "_fabsf"  (declared at line 688)
  _ARMABI_INLINE _ARMABI_PURE float fabsf(float __f) { reTURN _fabsf(__f); }
E:\ProgramFile\MDK\Code\ARM\ARMCC\Bin\..\include\math.h(807): error:  #29: expected an expression
      { reTURN (long double)fma((double)__x, (double)__y, (double)__z); }
E:\ProgramFile\MDK\Code\ARM\ARMCC\Bin\..\include\math.h(807): error:  #65: expected a ";"
      { reTURN (long double)fma((double)__x, (double)__y, (double)__z); }
E:\ProgramFile\MDK\Code\ARM\ARMCC\Bin\..\include\math.h(822): error:  #20: identifier "reTURN" is undefined
      { reTURN lrint((double)__x); }
E:\ProgramFile\MDK\Code\ARM\ARMCC\Bin\..\include\math.h(822): error:  #79: expected a type specifier
      { reTURN lrint((double)__x); }
E:\ProgramFile\MDK\Code\ARM\ARMCC\Bin\..\include\math.h(828): error:  #20: identifier "reTURN" is undefined
      { reTURN llrint((double)__x); }
E:\ProgramFile\MDK\Code\ARM\ARMCC\Bin\..\include\math.h(828): error:  #79: expected a type specifier
      { reTURN llrint((double)__x); }
E:\ProgramFile\MDK\Code\ARM\ARMCC\Bin\..\include\math.h(834): error:  #20: identifier "reTURN" is undefined
      { reTURN lround((double)__x); }
E:\ProgramFile\MDK\Code\ARM\ARMCC\Bin\..\include\math.h(834): error:  #79: expected a type specifier
      { reTURN lround((double)__x); }
E:\ProgramFile\MDK\Code\ARM\ARMCC\Bin\..\include\math.h(840): error:  #20: identifier "reTURN" is undefined
      { reTURN llround((double)__x); }
E:\ProgramFile\MDK\Code\ARM\ARMCC\Bin\..\include\math.h(840): error:  #79: expected a type specifier
      { reTURN llround((double)__x); }
E:\ProgramFile\MDK\Code\ARM\ARMCC\Bin\..\include\math.h(846): error:  #29: expected an expression
      { reTURN (long double)nan(__t); }
E:\ProgramFile\MDK\Code\ARM\ARMCC\Bin\..\include\math.h(846): error:  #65: expected a ";"
      { reTURN (long double)nan(__t); }
E:\ProgramFile\MDK\Code\ARM\ARMCC\Bin\..\include\math.h(863): error:  #29: expected an expression
      { reTURN (long double)remquo((double)__x, (double)__y, __q); }
E:\ProgramFile\MDK\Code\ARM\ARMCC\Bin\..\include\math.h(863): error:  #65: expected a ";"
      { reTURN (long double)remquo((double)__x, (double)__y, __q); }
..\TASK\info_get_task.c: 0 warnings, 26 errors
compiling gimbal_task.c...
E:\ProgramFile\MDK\Code\ARM\ARMCC\Bin\..\include\math.h(370): error:  #20: identifier "reTURN" is undefined
      _ARMABI_INLINE double _sqrt(double __x) { reTURN sqrt(__x); }
E:\ProgramFile\MDK\Code\ARM\ARMCC\Bin\..\include\math.h(370): error:  #92: identifier-list parameters may only be used in a function definition
      _ARMABI_INLINE double _sqrt(double __x) { reTURN sqrt(__x); }
E:\ProgramFile\MDK\Code\ARM\ARMCC\Bin\..\include\math.h(373): error:  #20: identifier "reTURN" is undefined
      _ARMABI_INLINE float _sqrtf(float __x) { reTURN __sqrtf(__x); }
E:\ProgramFile\MDK\Code\ARM\ARMCC\Bin\..\include\math.h(373): error:  #92: identifier-list parameters may only be used in a function definition
      _ARMABI_INLINE float _sqrtf(float __x) { reTURN __sqrtf(__x); }
E:\ProgramFile\MDK\Code\ARM\ARMCC\Bin\..\include\math.h(373): error:  #159: declaration is incompatible with previous "__sqrtf"  (declared implicitly)
      _ARMABI_INLINE float _sqrtf(float __x) { reTURN __sqrtf(__x); }
E:\ProgramFile\MDK\Code\ARM\ARMCC\Bin\..\include\math.h(437): error:  #20: identifier "reTURN" is undefined
      reTURN __x;
E:\ProgramFile\MDK\Code\ARM\ARMCC\Bin\..\include\math.h(437): error:  #101: "__x" has already been declared in the current scope
      reTURN __x;
E:\ProgramFile\MDK\Code\ARM\ARMCC\Bin\..\include\math.h(445): error:  #20: identifier "reTURN" is undefined
      reTURN __x;
E:\ProgramFile\MDK\Code\ARM\ARMCC\Bin\..\include\math.h(445): error:  #101: "__x" has already been declared in the current scope
      reTURN __x;
E:\ProgramFile\MDK\Code\ARM\ARMCC\Bin\..\include\math.h(689): error:  #20: identifier "reTURN" is undefined
  _ARMABI_INLINE _ARMABI_PURE float fabsf(float __f) { reTURN _fabsf(__f); }
E:\ProgramFile\MDK\Code\ARM\ARMCC\Bin\..\include\math.h(689): error:  #92: identifier-list parameters may only be used in a function definition
  _ARMABI_INLINE _ARMABI_PURE float fabsf(float __f) { reTURN _fabsf(__f); }
E:\ProgramFile\MDK\Code\ARM\ARMCC\Bin\..\include\math.h(689): error:  #159: declaration is incompatible with previous "_fabsf"  (declared at line 688)
  _ARMABI_INLINE _ARMABI_PURE float fabsf(float __f) { reTURN _fabsf(__f); }
E:\ProgramFile\MDK\Code\ARM\ARMCC\Bin\..\include\math.h(807): error:  #29: expected an expression
      { reTURN (long double)fma((double)__x, (double)__y, (double)__z); }
E:\ProgramFile\MDK\Code\ARM\ARMCC\Bin\..\include\math.h(807): error:  #65: expected a ";"
      { reTURN (long double)fma((double)__x, (double)__y, (double)__z); }
E:\ProgramFile\MDK\Code\ARM\ARMCC\Bin\..\include\math.h(822): error:  #20: identifier "reTURN" is undefined
      { reTURN lrint((double)__x); }
E:\ProgramFile\MDK\Code\ARM\ARMCC\Bin\..\include\math.h(822): error:  #79: expected a type specifier
      { reTURN lrint((double)__x); }
E:\ProgramFile\MDK\Code\ARM\ARMCC\Bin\..\include\math.h(828): error:  #20: identifier "reTURN" is undefined
      { reTURN llrint((double)__x); }
E:\ProgramFile\MDK\Code\ARM\ARMCC\Bin\..\include\math.h(828): error:  #79: expected a type specifier
      { reTURN llrint((double)__x); }
E:\ProgramFile\MDK\Code\ARM\ARMCC\Bin\..\include\math.h(834): error:  #20: identifier "reTURN" is undefined
      { reTURN lround((double)__x); }
E:\ProgramFile\MDK\Code\ARM\ARMCC\Bin\..\include\math.h(834): error:  #79: expected a type specifier
      { reTURN lround((double)__x); }
E:\ProgramFile\MDK\Code\ARM\ARMCC\Bin\..\include\math.h(840): error:  #20: identifier "reTURN" is undefined
      { reTURN llround((double)__x); }
E:\ProgramFile\MDK\Code\ARM\ARMCC\Bin\..\include\math.h(840): error:  #79: expected a type specifier
      { reTURN llround((double)__x); }
E:\ProgramFile\MDK\Code\ARM\ARMCC\Bin\..\include\math.h(846): error:  #29: expected an expression
      { reTURN (long double)nan(__t); }
E:\ProgramFile\MDK\Code\ARM\ARMCC\Bin\..\include\math.h(846): error:  #65: expected a ";"
      { reTURN (long double)nan(__t); }
E:\ProgramFile\MDK\Code\ARM\ARMCC\Bin\..\include\math.h(863): error:  #29: expected an expression
      { reTURN (long double)remquo((double)__x, (double)__y, __q); }
E:\ProgramFile\MDK\Code\ARM\ARMCC\Bin\..\include\math.h(863): error:  #65: expected a ";"
      { reTURN (long double)remquo((double)__x, (double)__y, __q); }
..\TASK\gimbal_task.c: 0 warnings, 26 errors
compiling clamp_task.c...
E:\ProgramFile\MDK\Code\ARM\ARMCC\Bin\..\include\math.h(370): error:  #20: identifier "reTURN" is undefined
      _ARMABI_INLINE double _sqrt(double __x) { reTURN sqrt(__x); }
E:\ProgramFile\MDK\Code\ARM\ARMCC\Bin\..\include\math.h(370): error:  #92: identifier-list parameters may only be used in a function definition
      _ARMABI_INLINE double _sqrt(double __x) { reTURN sqrt(__x); }
E:\ProgramFile\MDK\Code\ARM\ARMCC\Bin\..\include\math.h(373): error:  #20: identifier "reTURN" is undefined
      _ARMABI_INLINE float _sqrtf(float __x) { reTURN __sqrtf(__x); }
E:\ProgramFile\MDK\Code\ARM\ARMCC\Bin\..\include\math.h(373): error:  #92: identifier-list parameters may only be used in a function definition
      _ARMABI_INLINE float _sqrtf(float __x) { reTURN __sqrtf(__x); }
E:\ProgramFile\MDK\Code\ARM\ARMCC\Bin\..\include\math.h(373): error:  #159: declaration is incompatible with previous "__sqrtf"  (declared implicitly)
      _ARMABI_INLINE float _sqrtf(float __x) { reTURN __sqrtf(__x); }
E:\ProgramFile\MDK\Code\ARM\ARMCC\Bin\..\include\math.h(437): error:  #20: identifier "reTURN" is undefined
      reTURN __x;
E:\ProgramFile\MDK\Code\ARM\ARMCC\Bin\..\include\math.h(437): error:  #101: "__x" has already been declared in the current scope
      reTURN __x;
E:\ProgramFile\MDK\Code\ARM\ARMCC\Bin\..\include\math.h(445): error:  #20: identifier "reTURN" is undefined
      reTURN __x;
E:\ProgramFile\MDK\Code\ARM\ARMCC\Bin\..\include\math.h(445): error:  #101: "__x" has already been declared in the current scope
      reTURN __x;
E:\ProgramFile\MDK\Code\ARM\ARMCC\Bin\..\include\math.h(689): error:  #20: identifier "reTURN" is undefined
  _ARMABI_INLINE _ARMABI_PURE float fabsf(float __f) { reTURN _fabsf(__f); }
E:\ProgramFile\MDK\Code\ARM\ARMCC\Bin\..\include\math.h(689): error:  #92: identifier-list parameters may only be used in a function definition
  _ARMABI_INLINE _ARMABI_PURE float fabsf(float __f) { reTURN _fabsf(__f); }
E:\ProgramFile\MDK\Code\ARM\ARMCC\Bin\..\include\math.h(689): error:  #159: declaration is incompatible with previous "_fabsf"  (declared at line 688)
  _ARMABI_INLINE _ARMABI_PURE float fabsf(float __f) { reTURN _fabsf(__f); }
E:\ProgramFile\MDK\Code\ARM\ARMCC\Bin\..\include\math.h(807): error:  #29: expected an expression
      { reTURN (long double)fma((double)__x, (double)__y, (double)__z); }
E:\ProgramFile\MDK\Code\ARM\ARMCC\Bin\..\include\math.h(807): error:  #65: expected a ";"
      { reTURN (long double)fma((double)__x, (double)__y, (double)__z); }
E:\ProgramFile\MDK\Code\ARM\ARMCC\Bin\..\include\math.h(822): error:  #20: identifier "reTURN" is undefined
      { reTURN lrint((double)__x); }
E:\ProgramFile\MDK\Code\ARM\ARMCC\Bin\..\include\math.h(822): error:  #79: expected a type specifier
      { reTURN lrint((double)__x); }
E:\ProgramFile\MDK\Code\ARM\ARMCC\Bin\..\include\math.h(828): error:  #20: identifier "reTURN" is undefined
      { reTURN llrint((double)__x); }
E:\ProgramFile\MDK\Code\ARM\ARMCC\Bin\..\include\math.h(828): error:  #79: expected a type specifier
      { reTURN llrint((double)__x); }
E:\ProgramFile\MDK\Code\ARM\ARMCC\Bin\..\include\math.h(834): error:  #20: identifier "reTURN" is undefined
      { reTURN lround((double)__x); }
E:\ProgramFile\MDK\Code\ARM\ARMCC\Bin\..\include\math.h(834): error:  #79: expected a type specifier
      { reTURN lround((double)__x); }
E:\ProgramFile\MDK\Code\ARM\ARMCC\Bin\..\include\math.h(840): error:  #20: identifier "reTURN" is undefined
      { reTURN llround((double)__x); }
E:\ProgramFile\MDK\Code\ARM\ARMCC\Bin\..\include\math.h(840): error:  #79: expected a type specifier
      { reTURN llround((double)__x); }
E:\ProgramFile\MDK\Code\ARM\ARMCC\Bin\..\include\math.h(846): error:  #29: expected an expression
      { reTURN (long double)nan(__t); }
E:\ProgramFile\MDK\Code\ARM\ARMCC\Bin\..\include\math.h(846): error:  #65: expected a ";"
      { reTURN (long double)nan(__t); }
E:\ProgramFile\MDK\Code\ARM\ARMCC\Bin\..\include\math.h(863): error:  #29: expected an expression
      { reTURN (long double)remquo((double)__x, (double)__y, __q); }
E:\ProgramFile\MDK\Code\ARM\ARMCC\Bin\..\include\math.h(863): error:  #65: expected a ";"
      { reTURN (long double)remquo((double)__x, (double)__y, __q); }
..\TASK\clamp_task.c: 0 warnings, 26 errors
compiling barrier_carry_task.c...
E:\ProgramFile\MDK\Code\ARM\ARMCC\Bin\..\include\math.h(370): error:  #20: identifier "reTURN" is undefined
      _ARMABI_INLINE double _sqrt(double __x) { reTURN sqrt(__x); }
E:\ProgramFile\MDK\Code\ARM\ARMCC\Bin\..\include\math.h(370): error:  #92: identifier-list parameters may only be used in a function definition
      _ARMABI_INLINE double _sqrt(double __x) { reTURN sqrt(__x); }
E:\ProgramFile\MDK\Code\ARM\ARMCC\Bin\..\include\math.h(373): error:  #20: identifier "reTURN" is undefined
      _ARMABI_INLINE float _sqrtf(float __x) { reTURN __sqrtf(__x); }
E:\ProgramFile\MDK\Code\ARM\ARMCC\Bin\..\include\math.h(373): error:  #92: identifier-list parameters may only be used in a function definition
      _ARMABI_INLINE float _sqrtf(float __x) { reTURN __sqrtf(__x); }
E:\ProgramFile\MDK\Code\ARM\ARMCC\Bin\..\include\math.h(373): error:  #159: declaration is incompatible with previous "__sqrtf"  (declared implicitly)
      _ARMABI_INLINE float _sqrtf(float __x) { reTURN __sqrtf(__x); }
E:\ProgramFile\MDK\Code\ARM\ARMCC\Bin\..\include\math.h(437): error:  #20: identifier "reTURN" is undefined
      reTURN __x;
E:\ProgramFile\MDK\Code\ARM\ARMCC\Bin\..\include\math.h(437): error:  #101: "__x" has already been declared in the current scope
      reTURN __x;
E:\ProgramFile\MDK\Code\ARM\ARMCC\Bin\..\include\math.h(445): error:  #20: identifier "reTURN" is undefined
      reTURN __x;
E:\ProgramFile\MDK\Code\ARM\ARMCC\Bin\..\include\math.h(445): error:  #101: "__x" has already been declared in the current scope
      reTURN __x;
E:\ProgramFile\MDK\Code\ARM\ARMCC\Bin\..\include\math.h(689): error:  #20: identifier "reTURN" is undefined
  _ARMABI_INLINE _ARMABI_PURE float fabsf(float __f) { reTURN _fabsf(__f); }
E:\ProgramFile\MDK\Code\ARM\ARMCC\Bin\..\include\math.h(689): error:  #92: identifier-list parameters may only be used in a function definition
  _ARMABI_INLINE _ARMABI_PURE float fabsf(float __f) { reTURN _fabsf(__f); }
E:\ProgramFile\MDK\Code\ARM\ARMCC\Bin\..\include\math.h(689): error:  #159: declaration is incompatible with previous "_fabsf"  (declared at line 688)
  _ARMABI_INLINE _ARMABI_PURE float fabsf(float __f) { reTURN _fabsf(__f); }
E:\ProgramFile\MDK\Code\ARM\ARMCC\Bin\..\include\math.h(807): error:  #29: expected an expression
      { reTURN (long double)fma((double)__x, (double)__y, (double)__z); }
E:\ProgramFile\MDK\Code\ARM\ARMCC\Bin\..\include\math.h(807): error:  #65: expected a ";"
      { reTURN (long double)fma((double)__x, (double)__y, (double)__z); }
E:\ProgramFile\MDK\Code\ARM\ARMCC\Bin\..\include\math.h(822): error:  #20: identifier "reTURN" is undefined
      { reTURN lrint((double)__x); }
E:\ProgramFile\MDK\Code\ARM\ARMCC\Bin\..\include\math.h(822): error:  #79: expected a type specifier
      { reTURN lrint((double)__x); }
E:\ProgramFile\MDK\Code\ARM\ARMCC\Bin\..\include\math.h(828): error:  #20: identifier "reTURN" is undefined
      { reTURN llrint((double)__x); }
E:\ProgramFile\MDK\Code\ARM\ARMCC\Bin\..\include\math.h(828): error:  #79: expected a type specifier
      { reTURN llrint((double)__x); }
E:\ProgramFile\MDK\Code\ARM\ARMCC\Bin\..\include\math.h(834): error:  #20: identifier "reTURN" is undefined
      { reTURN lround((double)__x); }
E:\ProgramFile\MDK\Code\ARM\ARMCC\Bin\..\include\math.h(834): error:  #79: expected a type specifier
      { reTURN lround((double)__x); }
E:\ProgramFile\MDK\Code\ARM\ARMCC\Bin\..\include\math.h(840): error:  #20: identifier "reTURN" is undefined
      { reTURN llround((double)__x); }
E:\ProgramFile\MDK\Code\ARM\ARMCC\Bin\..\include\math.h(840): error:  #79: expected a type specifier
      { reTURN llround((double)__x); }
E:\ProgramFile\MDK\Code\ARM\ARMCC\Bin\..\include\math.h(846): error:  #29: expected an expression
      { reTURN (long double)nan(__t); }
E:\ProgramFile\MDK\Code\ARM\ARMCC\Bin\..\include\math.h(846): error:  #65: expected a ";"
      { reTURN (long double)nan(__t); }
E:\ProgramFile\MDK\Code\ARM\ARMCC\Bin\..\include\math.h(863): error:  #29: expected an expression
      { reTURN (long double)remquo((double)__x, (double)__y, __q); }
E:\ProgramFile\MDK\Code\ARM\ARMCC\Bin\..\include\math.h(863): error:  #65: expected a ";"
      { reTURN (long double)remquo((double)__x, (double)__y, __q); }
..\TASK\barrier_carry_task.c: 0 warnings, 26 errors
compiling fuzzy_pid.c...
E:\ProgramFile\MDK\Code\ARM\ARMCC\Bin\..\include\math.h(370): error:  #20: identifier "reTURN" is undefined
      _ARMABI_INLINE double _sqrt(double __x) { reTURN sqrt(__x); }
E:\ProgramFile\MDK\Code\ARM\ARMCC\Bin\..\include\math.h(370): error:  #92: identifier-list parameters may only be used in a function definition
      _ARMABI_INLINE double _sqrt(double __x) { reTURN sqrt(__x); }
E:\ProgramFile\MDK\Code\ARM\ARMCC\Bin\..\include\math.h(373): error:  #20: identifier "reTURN" is undefined
      _ARMABI_INLINE float _sqrtf(float __x) { reTURN __sqrtf(__x); }
E:\ProgramFile\MDK\Code\ARM\ARMCC\Bin\..\include\math.h(373): error:  #92: identifier-list parameters may only be used in a function definition
      _ARMABI_INLINE float _sqrtf(float __x) { reTURN __sqrtf(__x); }
E:\ProgramFile\MDK\Code\ARM\ARMCC\Bin\..\include\math.h(373): error:  #159: declaration is incompatible with previous "__sqrtf"  (declared implicitly)
      _ARMABI_INLINE float _sqrtf(float __x) { reTURN __sqrtf(__x); }
E:\ProgramFile\MDK\Code\ARM\ARMCC\Bin\..\include\math.h(437): error:  #20: identifier "reTURN" is undefined
      reTURN __x;
E:\ProgramFile\MDK\Code\ARM\ARMCC\Bin\..\include\math.h(437): error:  #101: "__x" has already been declared in the current scope
      reTURN __x;
E:\ProgramFile\MDK\Code\ARM\ARMCC\Bin\..\include\math.h(445): error:  #20: identifier "reTURN" is undefined
      reTURN __x;
E:\ProgramFile\MDK\Code\ARM\ARMCC\Bin\..\include\math.h(445): error:  #101: "__x" has already been declared in the current scope
      reTURN __x;
E:\ProgramFile\MDK\Code\ARM\ARMCC\Bin\..\include\math.h(689): error:  #20: identifier "reTURN" is undefined
  _ARMABI_INLINE _ARMABI_PURE float fabsf(float __f) { reTURN _fabsf(__f); }
E:\ProgramFile\MDK\Code\ARM\ARMCC\Bin\..\include\math.h(689): error:  #92: identifier-list parameters may only be used in a function definition
  _ARMABI_INLINE _ARMABI_PURE float fabsf(float __f) { reTURN _fabsf(__f); }
E:\ProgramFile\MDK\Code\ARM\ARMCC\Bin\..\include\math.h(689): error:  #159: declaration is incompatible with previous "_fabsf"  (declared at line 688)
  _ARMABI_INLINE _ARMABI_PURE float fabsf(float __f) { reTURN _fabsf(__f); }
E:\ProgramFile\MDK\Code\ARM\ARMCC\Bin\..\include\math.h(807): error:  #29: expected an expression
      { reTURN (long double)fma((double)__x, (double)__y, (double)__z); }
E:\ProgramFile\MDK\Code\ARM\ARMCC\Bin\..\include\math.h(807): error:  #65: expected a ";"
      { reTURN (long double)fma((double)__x, (double)__y, (double)__z); }
E:\ProgramFile\MDK\Code\ARM\ARMCC\Bin\..\include\math.h(822): error:  #20: identifier "reTURN" is undefined
      { reTURN lrint((double)__x); }
E:\ProgramFile\MDK\Code\ARM\ARMCC\Bin\..\include\math.h(822): error:  #79: expected a type specifier
      { reTURN lrint((double)__x); }
E:\ProgramFile\MDK\Code\ARM\ARMCC\Bin\..\include\math.h(828): error:  #20: identifier "reTURN" is undefined
      { reTURN llrint((double)__x); }
E:\ProgramFile\MDK\Code\ARM\ARMCC\Bin\..\include\math.h(828): error:  #79: expected a type specifier
      { reTURN llrint((double)__x); }
E:\ProgramFile\MDK\Code\ARM\ARMCC\Bin\..\include\math.h(834): error:  #20: identifier "reTURN" is undefined
      { reTURN lround((double)__x); }
E:\ProgramFile\MDK\Code\ARM\ARMCC\Bin\..\include\math.h(834): error:  #79: expected a type specifier
      { reTURN lround((double)__x); }
E:\ProgramFile\MDK\Code\ARM\ARMCC\Bin\..\include\math.h(840): error:  #20: identifier "reTURN" is undefined
      { reTURN llround((double)__x); }
E:\ProgramFile\MDK\Code\ARM\ARMCC\Bin\..\include\math.h(840): error:  #79: expected a type specifier
      { reTURN llround((double)__x); }
E:\ProgramFile\MDK\Code\ARM\ARMCC\Bin\..\include\math.h(846): error:  #29: expected an expression
      { reTURN (long double)nan(__t); }
E:\ProgramFile\MDK\Code\ARM\ARMCC\Bin\..\include\math.h(846): error:  #65: expected a ";"
      { reTURN (long double)nan(__t); }
E:\ProgramFile\MDK\Code\ARM\ARMCC\Bin\..\include\math.h(863): error:  #29: expected an expression
      { reTURN (long double)remquo((double)__x, (double)__y, __q); }
E:\ProgramFile\MDK\Code\ARM\ARMCC\Bin\..\include\math.h(863): error:  #65: expected a ";"
      { reTURN (long double)remquo((double)__x, (double)__y, __q); }
..\FUNTION\fuzzy_pid.c: 0 warnings, 26 errors
compiling pid.c...
E:\ProgramFile\MDK\Code\ARM\ARMCC\Bin\..\include\math.h(370): error:  #20: identifier "reTURN" is undefined
      _ARMABI_INLINE double _sqrt(double __x) { reTURN sqrt(__x); }
E:\ProgramFile\MDK\Code\ARM\ARMCC\Bin\..\include\math.h(370): error:  #92: identifier-list parameters may only be used in a function definition
      _ARMABI_INLINE double _sqrt(double __x) { reTURN sqrt(__x); }
E:\ProgramFile\MDK\Code\ARM\ARMCC\Bin\..\include\math.h(373): error:  #20: identifier "reTURN" is undefined
      _ARMABI_INLINE float _sqrtf(float __x) { reTURN __sqrtf(__x); }
E:\ProgramFile\MDK\Code\ARM\ARMCC\Bin\..\include\math.h(373): error:  #92: identifier-list parameters may only be used in a function definition
      _ARMABI_INLINE float _sqrtf(float __x) { reTURN __sqrtf(__x); }
E:\ProgramFile\MDK\Code\ARM\ARMCC\Bin\..\include\math.h(373): error:  #159: declaration is incompatible with previous "__sqrtf"  (declared implicitly)
      _ARMABI_INLINE float _sqrtf(float __x) { reTURN __sqrtf(__x); }
E:\ProgramFile\MDK\Code\ARM\ARMCC\Bin\..\include\math.h(437): error:  #20: identifier "reTURN" is undefined
      reTURN __x;
E:\ProgramFile\MDK\Code\ARM\ARMCC\Bin\..\include\math.h(437): error:  #101: "__x" has already been declared in the current scope
      reTURN __x;
E:\ProgramFile\MDK\Code\ARM\ARMCC\Bin\..\include\math.h(445): error:  #20: identifier "reTURN" is undefined
      reTURN __x;
E:\ProgramFile\MDK\Code\ARM\ARMCC\Bin\..\include\math.h(445): error:  #101: "__x" has already been declared in the current scope
      reTURN __x;
E:\ProgramFile\MDK\Code\ARM\ARMCC\Bin\..\include\math.h(689): error:  #20: identifier "reTURN" is undefined
  _ARMABI_INLINE _ARMABI_PURE float fabsf(float __f) { reTURN _fabsf(__f); }
E:\ProgramFile\MDK\Code\ARM\ARMCC\Bin\..\include\math.h(689): error:  #92: identifier-list parameters may only be used in a function definition
  _ARMABI_INLINE _ARMABI_PURE float fabsf(float __f) { reTURN _fabsf(__f); }
E:\ProgramFile\MDK\Code\ARM\ARMCC\Bin\..\include\math.h(689): error:  #159: declaration is incompatible with previous "_fabsf"  (declared at line 688)
  _ARMABI_INLINE _ARMABI_PURE float fabsf(float __f) { reTURN _fabsf(__f); }
E:\ProgramFile\MDK\Code\ARM\ARMCC\Bin\..\include\math.h(807): error:  #29: expected an expression
      { reTURN (long double)fma((double)__x, (double)__y, (double)__z); }
E:\ProgramFile\MDK\Code\ARM\ARMCC\Bin\..\include\math.h(807): error:  #65: expected a ";"
      { reTURN (long double)fma((double)__x, (double)__y, (double)__z); }
E:\ProgramFile\MDK\Code\ARM\ARMCC\Bin\..\include\math.h(822): error:  #20: identifier "reTURN" is undefined
      { reTURN lrint((double)__x); }
E:\ProgramFile\MDK\Code\ARM\ARMCC\Bin\..\include\math.h(822): error:  #79: expected a type specifier
      { reTURN lrint((double)__x); }
E:\ProgramFile\MDK\Code\ARM\ARMCC\Bin\..\include\math.h(828): error:  #20: identifier "reTURN" is undefined
      { reTURN llrint((double)__x); }
E:\ProgramFile\MDK\Code\ARM\ARMCC\Bin\..\include\math.h(828): error:  #79: expected a type specifier
      { reTURN llrint((double)__x); }
E:\ProgramFile\MDK\Code\ARM\ARMCC\Bin\..\include\math.h(834): error:  #20: identifier "reTURN" is undefined
      { reTURN lround((double)__x); }
E:\ProgramFile\MDK\Code\ARM\ARMCC\Bin\..\include\math.h(834): error:  #79: expected a type specifier
      { reTURN lround((double)__x); }
E:\ProgramFile\MDK\Code\ARM\ARMCC\Bin\..\include\math.h(840): error:  #20: identifier "reTURN" is undefined
      { reTURN llround((double)__x); }
E:\ProgramFile\MDK\Code\ARM\ARMCC\Bin\..\include\math.h(840): error:  #79: expected a type specifier
      { reTURN llround((double)__x); }
E:\ProgramFile\MDK\Code\ARM\ARMCC\Bin\..\include\math.h(846): error:  #29: expected an expression
      { reTURN (long double)nan(__t); }
E:\ProgramFile\MDK\Code\ARM\ARMCC\Bin\..\include\math.h(846): error:  #65: expected a ";"
      { reTURN (long double)nan(__t); }
E:\ProgramFile\MDK\Code\ARM\ARMCC\Bin\..\include\math.h(863): error:  #29: expected an expression
      { reTURN (long double)remquo((double)__x, (double)__y, __q); }
E:\ProgramFile\MDK\Code\ARM\ARMCC\Bin\..\include\math.h(863): error:  #65: expected a ";"
      { reTURN (long double)remquo((double)__x, (double)__y, __q); }
..\FUNTION\pid.c: 0 warnings, 26 errors
compiling clamp.c...
E:\ProgramFile\MDK\Code\ARM\ARMCC\Bin\..\include\math.h(370): error:  #20: identifier "reTURN" is undefined
      _ARMABI_INLINE double _sqrt(double __x) { reTURN sqrt(__x); }
E:\ProgramFile\MDK\Code\ARM\ARMCC\Bin\..\include\math.h(370): error:  #92: identifier-list parameters may only be used in a function definition
      _ARMABI_INLINE double _sqrt(double __x) { reTURN sqrt(__x); }
E:\ProgramFile\MDK\Code\ARM\ARMCC\Bin\..\include\math.h(373): error:  #20: identifier "reTURN" is undefined
      _ARMABI_INLINE float _sqrtf(float __x) { reTURN __sqrtf(__x); }
E:\ProgramFile\MDK\Code\ARM\ARMCC\Bin\..\include\math.h(373): error:  #92: identifier-list parameters may only be used in a function definition
      _ARMABI_INLINE float _sqrtf(float __x) { reTURN __sqrtf(__x); }
E:\ProgramFile\MDK\Code\ARM\ARMCC\Bin\..\include\math.h(373): error:  #159: declaration is incompatible with previous "__sqrtf"  (declared implicitly)
      _ARMABI_INLINE float _sqrtf(float __x) { reTURN __sqrtf(__x); }
E:\ProgramFile\MDK\Code\ARM\ARMCC\Bin\..\include\math.h(437): error:  #20: identifier "reTURN" is undefined
      reTURN __x;
E:\ProgramFile\MDK\Code\ARM\ARMCC\Bin\..\include\math.h(437): error:  #101: "__x" has already been declared in the current scope
      reTURN __x;
E:\ProgramFile\MDK\Code\ARM\ARMCC\Bin\..\include\math.h(445): error:  #20: identifier "reTURN" is undefined
      reTURN __x;
E:\ProgramFile\MDK\Code\ARM\ARMCC\Bin\..\include\math.h(445): error:  #101: "__x" has already been declared in the current scope
      reTURN __x;
E:\ProgramFile\MDK\Code\ARM\ARMCC\Bin\..\include\math.h(689): error:  #20: identifier "reTURN" is undefined
  _ARMABI_INLINE _ARMABI_PURE float fabsf(float __f) { reTURN _fabsf(__f); }
E:\ProgramFile\MDK\Code\ARM\ARMCC\Bin\..\include\math.h(689): error:  #92: identifier-list parameters may only be used in a function definition
  _ARMABI_INLINE _ARMABI_PURE float fabsf(float __f) { reTURN _fabsf(__f); }
E:\ProgramFile\MDK\Code\ARM\ARMCC\Bin\..\include\math.h(689): error:  #159: declaration is incompatible with previous "_fabsf"  (declared at line 688)
  _ARMABI_INLINE _ARMABI_PURE float fabsf(float __f) { reTURN _fabsf(__f); }
E:\ProgramFile\MDK\Code\ARM\ARMCC\Bin\..\include\math.h(807): error:  #29: expected an expression
      { reTURN (long double)fma((double)__x, (double)__y, (double)__z); }
E:\ProgramFile\MDK\Code\ARM\ARMCC\Bin\..\include\math.h(807): error:  #65: expected a ";"
      { reTURN (long double)fma((double)__x, (double)__y, (double)__z); }
E:\ProgramFile\MDK\Code\ARM\ARMCC\Bin\..\include\math.h(822): error:  #20: identifier "reTURN" is undefined
      { reTURN lrint((double)__x); }
E:\ProgramFile\MDK\Code\ARM\ARMCC\Bin\..\include\math.h(822): error:  #79: expected a type specifier
      { reTURN lrint((double)__x); }
E:\ProgramFile\MDK\Code\ARM\ARMCC\Bin\..\include\math.h(828): error:  #20: identifier "reTURN" is undefined
      { reTURN llrint((double)__x); }
E:\ProgramFile\MDK\Code\ARM\ARMCC\Bin\..\include\math.h(828): error:  #79: expected a type specifier
      { reTURN llrint((double)__x); }
E:\ProgramFile\MDK\Code\ARM\ARMCC\Bin\..\include\math.h(834): error:  #20: identifier "reTURN" is undefined
      { reTURN lround((double)__x); }
E:\ProgramFile\MDK\Code\ARM\ARMCC\Bin\..\include\math.h(834): error:  #79: expected a type specifier
      { reTURN lround((double)__x); }
E:\ProgramFile\MDK\Code\ARM\ARMCC\Bin\..\include\math.h(840): error:  #20: identifier "reTURN" is undefined
      { reTURN llround((double)__x); }
E:\ProgramFile\MDK\Code\ARM\ARMCC\Bin\..\include\math.h(840): error:  #79: expected a type specifier
      { reTURN llround((double)__x); }
E:\ProgramFile\MDK\Code\ARM\ARMCC\Bin\..\include\math.h(846): error:  #29: expected an expression
      { reTURN (long double)nan(__t); }
E:\ProgramFile\MDK\Code\ARM\ARMCC\Bin\..\include\math.h(846): error:  #65: expected a ";"
      { reTURN (long double)nan(__t); }
E:\ProgramFile\MDK\Code\ARM\ARMCC\Bin\..\include\math.h(863): error:  #29: expected an expression
      { reTURN (long double)remquo((double)__x, (double)__y, __q); }
E:\ProgramFile\MDK\Code\ARM\ARMCC\Bin\..\include\math.h(863): error:  #65: expected a ";"
      { reTURN (long double)remquo((double)__x, (double)__y, __q); }
..\FUNTION\clamp.c: 0 warnings, 26 errors
compiling motor_task.c...
E:\ProgramFile\MDK\Code\ARM\ARMCC\Bin\..\include\math.h(370): error:  #20: identifier "reTURN" is undefined
      _ARMABI_INLINE double _sqrt(double __x) { reTURN sqrt(__x); }
E:\ProgramFile\MDK\Code\ARM\ARMCC\Bin\..\include\math.h(370): error:  #92: identifier-list parameters may only be used in a function definition
      _ARMABI_INLINE double _sqrt(double __x) { reTURN sqrt(__x); }
E:\ProgramFile\MDK\Code\ARM\ARMCC\Bin\..\include\math.h(373): error:  #20: identifier "reTURN" is undefined
      _ARMABI_INLINE float _sqrtf(float __x) { reTURN __sqrtf(__x); }
E:\ProgramFile\MDK\Code\ARM\ARMCC\Bin\..\include\math.h(373): error:  #92: identifier-list parameters may only be used in a function definition
      _ARMABI_INLINE float _sqrtf(float __x) { reTURN __sqrtf(__x); }
E:\ProgramFile\MDK\Code\ARM\ARMCC\Bin\..\include\math.h(373): error:  #159: declaration is incompatible with previous "__sqrtf"  (declared implicitly)
      _ARMABI_INLINE float _sqrtf(float __x) { reTURN __sqrtf(__x); }
E:\ProgramFile\MDK\Code\ARM\ARMCC\Bin\..\include\math.h(437): error:  #20: identifier "reTURN" is undefined
      reTURN __x;
E:\ProgramFile\MDK\Code\ARM\ARMCC\Bin\..\include\math.h(437): error:  #101: "__x" has already been declared in the current scope
      reTURN __x;
E:\ProgramFile\MDK\Code\ARM\ARMCC\Bin\..\include\math.h(445): error:  #20: identifier "reTURN" is undefined
      reTURN __x;
E:\ProgramFile\MDK\Code\ARM\ARMCC\Bin\..\include\math.h(445): error:  #101: "__x" has already been declared in the current scope
      reTURN __x;
E:\ProgramFile\MDK\Code\ARM\ARMCC\Bin\..\include\math.h(689): error:  #20: identifier "reTURN" is undefined
  _ARMABI_INLINE _ARMABI_PURE float fabsf(float __f) { reTURN _fabsf(__f); }
E:\ProgramFile\MDK\Code\ARM\ARMCC\Bin\..\include\math.h(689): error:  #92: identifier-list parameters may only be used in a function definition
  _ARMABI_INLINE _ARMABI_PURE float fabsf(float __f) { reTURN _fabsf(__f); }
E:\ProgramFile\MDK\Code\ARM\ARMCC\Bin\..\include\math.h(689): error:  #159: declaration is incompatible with previous "_fabsf"  (declared at line 688)
  _ARMABI_INLINE _ARMABI_PURE float fabsf(float __f) { reTURN _fabsf(__f); }
E:\ProgramFile\MDK\Code\ARM\ARMCC\Bin\..\include\math.h(807): error:  #29: expected an expression
      { reTURN (long double)fma((double)__x, (double)__y, (double)__z); }
E:\ProgramFile\MDK\Code\ARM\ARMCC\Bin\..\include\math.h(807): error:  #65: expected a ";"
      { reTURN (long double)fma((double)__x, (double)__y, (double)__z); }
E:\ProgramFile\MDK\Code\ARM\ARMCC\Bin\..\include\math.h(822): error:  #20: identifier "reTURN" is undefined
      { reTURN lrint((double)__x); }
E:\ProgramFile\MDK\Code\ARM\ARMCC\Bin\..\include\math.h(822): error:  #79: expected a type specifier
      { reTURN lrint((double)__x); }
E:\ProgramFile\MDK\Code\ARM\ARMCC\Bin\..\include\math.h(828): error:  #20: identifier "reTURN" is undefined
      { reTURN llrint((double)__x); }
E:\ProgramFile\MDK\Code\ARM\ARMCC\Bin\..\include\math.h(828): error:  #79: expected a type specifier
      { reTURN llrint((double)__x); }
E:\ProgramFile\MDK\Code\ARM\ARMCC\Bin\..\include\math.h(834): error:  #20: identifier "reTURN" is undefined
      { reTURN lround((double)__x); }
E:\ProgramFile\MDK\Code\ARM\ARMCC\Bin\..\include\math.h(834): error:  #79: expected a type specifier
      { reTURN lround((double)__x); }
E:\ProgramFile\MDK\Code\ARM\ARMCC\Bin\..\include\math.h(840): error:  #20: identifier "reTURN" is undefined
      { reTURN llround((double)__x); }
E:\ProgramFile\MDK\Code\ARM\ARMCC\Bin\..\include\math.h(840): error:  #79: expected a type specifier
      { reTURN llround((double)__x); }
E:\ProgramFile\MDK\Code\ARM\ARMCC\Bin\..\include\math.h(846): error:  #29: expected an expression
      { reTURN (long double)nan(__t); }
E:\ProgramFile\MDK\Code\ARM\ARMCC\Bin\..\include\math.h(846): error:  #65: expected a ";"
      { reTURN (long double)nan(__t); }
E:\ProgramFile\MDK\Code\ARM\ARMCC\Bin\..\include\math.h(863): error:  #29: expected an expression
      { reTURN (long double)remquo((double)__x, (double)__y, __q); }
E:\ProgramFile\MDK\Code\ARM\ARMCC\Bin\..\include\math.h(863): error:  #65: expected a ";"
      { reTURN (long double)remquo((double)__x, (double)__y, __q); }
..\TASK\motor_task.c: 0 warnings, 26 errors
compiling kalman_filter.c...
E:\ProgramFile\MDK\Code\ARM\ARMCC\Bin\..\include\math.h(370): error:  #20: identifier "reTURN" is undefined
      _ARMABI_INLINE double _sqrt(double __x) { reTURN sqrt(__x); }
E:\ProgramFile\MDK\Code\ARM\ARMCC\Bin\..\include\math.h(370): error:  #92: identifier-list parameters may only be used in a function definition
      _ARMABI_INLINE double _sqrt(double __x) { reTURN sqrt(__x); }
E:\ProgramFile\MDK\Code\ARM\ARMCC\Bin\..\include\math.h(373): error:  #20: identifier "reTURN" is undefined
      _ARMABI_INLINE float _sqrtf(float __x) { reTURN __sqrtf(__x); }
E:\ProgramFile\MDK\Code\ARM\ARMCC\Bin\..\include\math.h(373): error:  #92: identifier-list parameters may only be used in a function definition
      _ARMABI_INLINE float _sqrtf(float __x) { reTURN __sqrtf(__x); }
E:\ProgramFile\MDK\Code\ARM\ARMCC\Bin\..\include\math.h(373): error:  #159: declaration is incompatible with previous "__sqrtf"  (declared implicitly)
      _ARMABI_INLINE float _sqrtf(float __x) { reTURN __sqrtf(__x); }
E:\ProgramFile\MDK\Code\ARM\ARMCC\Bin\..\include\math.h(437): error:  #20: identifier "reTURN" is undefined
      reTURN __x;
E:\ProgramFile\MDK\Code\ARM\ARMCC\Bin\..\include\math.h(437): error:  #101: "__x" has already been declared in the current scope
      reTURN __x;
E:\ProgramFile\MDK\Code\ARM\ARMCC\Bin\..\include\math.h(445): error:  #20: identifier "reTURN" is undefined
      reTURN __x;
E:\ProgramFile\MDK\Code\ARM\ARMCC\Bin\..\include\math.h(445): error:  #101: "__x" has already been declared in the current scope
      reTURN __x;
E:\ProgramFile\MDK\Code\ARM\ARMCC\Bin\..\include\math.h(689): error:  #20: identifier "reTURN" is undefined
  _ARMABI_INLINE _ARMABI_PURE float fabsf(float __f) { reTURN _fabsf(__f); }
E:\ProgramFile\MDK\Code\ARM\ARMCC\Bin\..\include\math.h(689): error:  #92: identifier-list parameters may only be used in a function definition
  _ARMABI_INLINE _ARMABI_PURE float fabsf(float __f) { reTURN _fabsf(__f); }
E:\ProgramFile\MDK\Code\ARM\ARMCC\Bin\..\include\math.h(689): error:  #159: declaration is incompatible with previous "_fabsf"  (declared at line 688)
  _ARMABI_INLINE _ARMABI_PURE float fabsf(float __f) { reTURN _fabsf(__f); }
E:\ProgramFile\MDK\Code\ARM\ARMCC\Bin\..\include\math.h(807): error:  #29: expected an expression
      { reTURN (long double)fma((double)__x, (double)__y, (double)__z); }
E:\ProgramFile\MDK\Code\ARM\ARMCC\Bin\..\include\math.h(807): error:  #65: expected a ";"
      { reTURN (long double)fma((double)__x, (double)__y, (double)__z); }
E:\ProgramFile\MDK\Code\ARM\ARMCC\Bin\..\include\math.h(822): error:  #20: identifier "reTURN" is undefined
      { reTURN lrint((double)__x); }
E:\ProgramFile\MDK\Code\ARM\ARMCC\Bin\..\include\math.h(822): error:  #79: expected a type specifier
      { reTURN lrint((double)__x); }
E:\ProgramFile\MDK\Code\ARM\ARMCC\Bin\..\include\math.h(828): error:  #20: identifier "reTURN" is undefined
      { reTURN llrint((double)__x); }
E:\ProgramFile\MDK\Code\ARM\ARMCC\Bin\..\include\math.h(828): error:  #79: expected a type specifier
      { reTURN llrint((double)__x); }
E:\ProgramFile\MDK\Code\ARM\ARMCC\Bin\..\include\math.h(834): error:  #20: identifier "reTURN" is undefined
      { reTURN lround((double)__x); }
E:\ProgramFile\MDK\Code\ARM\ARMCC\Bin\..\include\math.h(834): error:  #79: expected a type specifier
      { reTURN lround((double)__x); }
E:\ProgramFile\MDK\Code\ARM\ARMCC\Bin\..\include\math.h(840): error:  #20: identifier "reTURN" is undefined
      { reTURN llround((double)__x); }
E:\ProgramFile\MDK\Code\ARM\ARMCC\Bin\..\include\math.h(840): error:  #79: expected a type specifier
      { reTURN llround((double)__x); }
E:\ProgramFile\MDK\Code\ARM\ARMCC\Bin\..\include\math.h(846): error:  #29: expected an expression
      { reTURN (long double)nan(__t); }
E:\ProgramFile\MDK\Code\ARM\ARMCC\Bin\..\include\math.h(846): error:  #65: expected a ";"
      { reTURN (long double)nan(__t); }
E:\ProgramFile\MDK\Code\ARM\ARMCC\Bin\..\include\math.h(863): error:  #29: expected an expression
      { reTURN (long double)remquo((double)__x, (double)__y, __q); }
E:\ProgramFile\MDK\Code\ARM\ARMCC\Bin\..\include\math.h(863): error:  #65: expected a ";"
      { reTURN (long double)remquo((double)__x, (double)__y, __q); }
..\FUNTION\kalman_filter.c: 0 warnings, 26 errors
compiling manipulator_task.c...
E:\ProgramFile\MDK\Code\ARM\ARMCC\Bin\..\include\math.h(370): error:  #20: identifier "reTURN" is undefined
      _ARMABI_INLINE double _sqrt(double __x) { reTURN sqrt(__x); }
E:\ProgramFile\MDK\Code\ARM\ARMCC\Bin\..\include\math.h(370): error:  #92: identifier-list parameters may only be used in a function definition
      _ARMABI_INLINE double _sqrt(double __x) { reTURN sqrt(__x); }
E:\ProgramFile\MDK\Code\ARM\ARMCC\Bin\..\include\math.h(373): error:  #20: identifier "reTURN" is undefined
      _ARMABI_INLINE float _sqrtf(float __x) { reTURN __sqrtf(__x); }
E:\ProgramFile\MDK\Code\ARM\ARMCC\Bin\..\include\math.h(373): error:  #92: identifier-list parameters may only be used in a function definition
      _ARMABI_INLINE float _sqrtf(float __x) { reTURN __sqrtf(__x); }
E:\ProgramFile\MDK\Code\ARM\ARMCC\Bin\..\include\math.h(373): error:  #159: declaration is incompatible with previous "__sqrtf"  (declared implicitly)
      _ARMABI_INLINE float _sqrtf(float __x) { reTURN __sqrtf(__x); }
E:\ProgramFile\MDK\Code\ARM\ARMCC\Bin\..\include\math.h(437): error:  #20: identifier "reTURN" is undefined
      reTURN __x;
E:\ProgramFile\MDK\Code\ARM\ARMCC\Bin\..\include\math.h(437): error:  #101: "__x" has already been declared in the current scope
      reTURN __x;
E:\ProgramFile\MDK\Code\ARM\ARMCC\Bin\..\include\math.h(445): error:  #20: identifier "reTURN" is undefined
      reTURN __x;
E:\ProgramFile\MDK\Code\ARM\ARMCC\Bin\..\include\math.h(445): error:  #101: "__x" has already been declared in the current scope
      reTURN __x;
E:\ProgramFile\MDK\Code\ARM\ARMCC\Bin\..\include\math.h(689): error:  #20: identifier "reTURN" is undefined
  _ARMABI_INLINE _ARMABI_PURE float fabsf(float __f) { reTURN _fabsf(__f); }
E:\ProgramFile\MDK\Code\ARM\ARMCC\Bin\..\include\math.h(689): error:  #92: identifier-list parameters may only be used in a function definition
  _ARMABI_INLINE _ARMABI_PURE float fabsf(float __f) { reTURN _fabsf(__f); }
E:\ProgramFile\MDK\Code\ARM\ARMCC\Bin\..\include\math.h(689): error:  #159: declaration is incompatible with previous "_fabsf"  (declared at line 688)
  _ARMABI_INLINE _ARMABI_PURE float fabsf(float __f) { reTURN _fabsf(__f); }
E:\ProgramFile\MDK\Code\ARM\ARMCC\Bin\..\include\math.h(807): error:  #29: expected an expression
      { reTURN (long double)fma((double)__x, (double)__y, (double)__z); }
E:\ProgramFile\MDK\Code\ARM\ARMCC\Bin\..\include\math.h(807): error:  #65: expected a ";"
      { reTURN (long double)fma((double)__x, (double)__y, (double)__z); }
E:\ProgramFile\MDK\Code\ARM\ARMCC\Bin\..\include\math.h(822): error:  #20: identifier "reTURN" is undefined
      { reTURN lrint((double)__x); }
E:\ProgramFile\MDK\Code\ARM\ARMCC\Bin\..\include\math.h(822): error:  #79: expected a type specifier
      { reTURN lrint((double)__x); }
E:\ProgramFile\MDK\Code\ARM\ARMCC\Bin\..\include\math.h(828): error:  #20: identifier "reTURN" is undefined
      { reTURN llrint((double)__x); }
E:\ProgramFile\MDK\Code\ARM\ARMCC\Bin\..\include\math.h(828): error:  #79: expected a type specifier
      { reTURN llrint((double)__x); }
E:\ProgramFile\MDK\Code\ARM\ARMCC\Bin\..\include\math.h(834): error:  #20: identifier "reTURN" is undefined
      { reTURN lround((double)__x); }
E:\ProgramFile\MDK\Code\ARM\ARMCC\Bin\..\include\math.h(834): error:  #79: expected a type specifier
      { reTURN lround((double)__x); }
E:\ProgramFile\MDK\Code\ARM\ARMCC\Bin\..\include\math.h(840): error:  #20: identifier "reTURN" is undefined
      { reTURN llround((double)__x); }
E:\ProgramFile\MDK\Code\ARM\ARMCC\Bin\..\include\math.h(840): error:  #79: expected a type specifier
      { reTURN llround((double)__x); }
E:\ProgramFile\MDK\Code\ARM\ARMCC\Bin\..\include\math.h(846): error:  #29: expected an expression
      { reTURN (long double)nan(__t); }
E:\ProgramFile\MDK\Code\ARM\ARMCC\Bin\..\include\math.h(846): error:  #65: expected a ";"
      { reTURN (long double)nan(__t); }
E:\ProgramFile\MDK\Code\ARM\ARMCC\Bin\..\include\math.h(863): error:  #29: expected an expression
      { reTURN (long double)remquo((double)__x, (double)__y, __q); }
E:\ProgramFile\MDK\Code\ARM\ARMCC\Bin\..\include\math.h(863): error:  #65: expected a ";"
      { reTURN (long double)remquo((double)__x, (double)__y, __q); }
..\TASK\manipulator_task.c: 0 warnings, 26 errors
compiling judge_tx_data.c...
E:\ProgramFile\MDK\Code\ARM\ARMCC\Bin\..\include\math.h(370): error:  #20: identifier "reTURN" is undefined
      _ARMABI_INLINE double _sqrt(double __x) { reTURN sqrt(__x); }
E:\ProgramFile\MDK\Code\ARM\ARMCC\Bin\..\include\math.h(370): error:  #92: identifier-list parameters may only be used in a function definition
      _ARMABI_INLINE double _sqrt(double __x) { reTURN sqrt(__x); }
E:\ProgramFile\MDK\Code\ARM\ARMCC\Bin\..\include\math.h(373): error:  #20: identifier "reTURN" is undefined
      _ARMABI_INLINE float _sqrtf(float __x) { reTURN __sqrtf(__x); }
E:\ProgramFile\MDK\Code\ARM\ARMCC\Bin\..\include\math.h(373): error:  #92: identifier-list parameters may only be used in a function definition
      _ARMABI_INLINE float _sqrtf(float __x) { reTURN __sqrtf(__x); }
E:\ProgramFile\MDK\Code\ARM\ARMCC\Bin\..\include\math.h(373): error:  #159: declaration is incompatible with previous "__sqrtf"  (declared implicitly)
      _ARMABI_INLINE float _sqrtf(float __x) { reTURN __sqrtf(__x); }
E:\ProgramFile\MDK\Code\ARM\ARMCC\Bin\..\include\math.h(437): error:  #20: identifier "reTURN" is undefined
      reTURN __x;
E:\ProgramFile\MDK\Code\ARM\ARMCC\Bin\..\include\math.h(437): error:  #101: "__x" has already been declared in the current scope
      reTURN __x;
E:\ProgramFile\MDK\Code\ARM\ARMCC\Bin\..\include\math.h(445): error:  #20: identifier "reTURN" is undefined
      reTURN __x;
E:\ProgramFile\MDK\Code\ARM\ARMCC\Bin\..\include\math.h(445): error:  #101: "__x" has already been declared in the current scope
      reTURN __x;
E:\ProgramFile\MDK\Code\ARM\ARMCC\Bin\..\include\math.h(689): error:  #20: identifier "reTURN" is undefined
  _ARMABI_INLINE _ARMABI_PURE float fabsf(float __f) { reTURN _fabsf(__f); }
E:\ProgramFile\MDK\Code\ARM\ARMCC\Bin\..\include\math.h(689): error:  #92: identifier-list parameters may only be used in a function definition
  _ARMABI_INLINE _ARMABI_PURE float fabsf(float __f) { reTURN _fabsf(__f); }
E:\ProgramFile\MDK\Code\ARM\ARMCC\Bin\..\include\math.h(689): error:  #159: declaration is incompatible with previous "_fabsf"  (declared at line 688)
  _ARMABI_INLINE _ARMABI_PURE float fabsf(float __f) { reTURN _fabsf(__f); }
E:\ProgramFile\MDK\Code\ARM\ARMCC\Bin\..\include\math.h(807): error:  #29: expected an expression
      { reTURN (long double)fma((double)__x, (double)__y, (double)__z); }
E:\ProgramFile\MDK\Code\ARM\ARMCC\Bin\..\include\math.h(807): error:  #65: expected a ";"
      { reTURN (long double)fma((double)__x, (double)__y, (double)__z); }
E:\ProgramFile\MDK\Code\ARM\ARMCC\Bin\..\include\math.h(822): error:  #20: identifier "reTURN" is undefined
      { reTURN lrint((double)__x); }
E:\ProgramFile\MDK\Code\ARM\ARMCC\Bin\..\include\math.h(822): error:  #79: expected a type specifier
      { reTURN lrint((double)__x); }
E:\ProgramFile\MDK\Code\ARM\ARMCC\Bin\..\include\math.h(828): error:  #20: identifier "reTURN" is undefined
      { reTURN llrint((double)__x); }
E:\ProgramFile\MDK\Code\ARM\ARMCC\Bin\..\include\math.h(828): error:  #79: expected a type specifier
      { reTURN llrint((double)__x); }
E:\ProgramFile\MDK\Code\ARM\ARMCC\Bin\..\include\math.h(834): error:  #20: identifier "reTURN" is undefined
      { reTURN lround((double)__x); }
E:\ProgramFile\MDK\Code\ARM\ARMCC\Bin\..\include\math.h(834): error:  #79: expected a type specifier
      { reTURN lround((double)__x); }
E:\ProgramFile\MDK\Code\ARM\ARMCC\Bin\..\include\math.h(840): error:  #20: identifier "reTURN" is undefined
      { reTURN llround((double)__x); }
E:\ProgramFile\MDK\Code\ARM\ARMCC\Bin\..\include\math.h(840): error:  #79: expected a type specifier
      { reTURN llround((double)__x); }
E:\ProgramFile\MDK\Code\ARM\ARMCC\Bin\..\include\math.h(846): error:  #29: expected an expression
      { reTURN (long double)nan(__t); }
E:\ProgramFile\MDK\Code\ARM\ARMCC\Bin\..\include\math.h(846): error:  #65: expected a ";"
      { reTURN (long double)nan(__t); }
E:\ProgramFile\MDK\Code\ARM\ARMCC\Bin\..\include\math.h(863): error:  #29: expected an expression
      { reTURN (long double)remquo((double)__x, (double)__y, __q); }
E:\ProgramFile\MDK\Code\ARM\ARMCC\Bin\..\include\math.h(863): error:  #65: expected a ";"
      { reTURN (long double)remquo((double)__x, (double)__y, __q); }
..\PROTOCOL\judge_tx_data.c: 0 warnings, 26 errors
"..\OBJ\engineering.axf" - 494 Error(s), 1 Warning(s).
Target not created.
Build Time Elapsed:  00:00:04
